
Intercept:

&    0.057  &    0.027  &    0.037  &    0.036  \\
&(   0.007 )&(   0.013 )&(   0.008 )&(   0.008 ) \\
&    0.065  &    0.036  &    0.032  &    0.034  \\
&(   0.006 )&(   0.008 )&(   0.008 )&(   0.008 ) \\
&    0.067  &    0.035  &    0.056  &    0.058  \\
&(   0.006 )&(   0.023 )&(   0.004 )&(   0.003 ) \\
&    0.071  &    0.061  &    0.058  &    0.056  \\
&(   0.008 )&(   0.007 )&(   0.009 )&(   0.009 ) \\


Coefficient on the mismeasured regressor:

   1.000 &    0.012  &    0.041  &    0.031  &    0.032  \\
   1.000 &(   0.003 )&(   0.012 )&(   0.006 )&(   0.005 ) \\
   2.000 &    0.012  &    0.034  &    0.037  &    0.035  \\
   2.000 &(   0.003 )&(   0.005 )&(   0.005 )&(   0.004 ) \\
   3.000 &    0.011  &    0.047  &    0.024  &    0.022  \\
   3.000 &(   0.004 )&(   0.019 )&(   0.003 )&(   0.002 ) \\
   4.000 &    0.014  &    0.035  &    0.040  &    0.045  \\
   4.000 &(   0.004 )&(   0.008 )&(   0.012 )&(   0.007 ) \\


Coefficients on the perfectly measured regressors:


&    0.162  &   -0.032  &    0.032  &    0.028  \\
&(   0.046 )&(   0.115 )&(   0.069 )&(   0.060 ) \\
&    0.106  &   -0.004  &   -0.021  &   -0.011  \\
&(   0.044 )&(   0.050 )&(   0.048 )&(   0.042 ) \\
&    0.131  &   -0.108  &    0.050  &    0.058  \\
&(   0.042 )&(   0.125 )&(   0.036 )&(   0.034 ) \\
&    0.161  &    0.011  &   -0.020  &   -0.059  \\
&(   0.047 )&(   0.068 )&(   0.089 )&(   0.064 ) \\


&   -0.032  &    0.083  &    0.045  &    0.048  \\
&(   0.097 )&(   0.110 )&(   0.091 )&(   0.090 ) \\
&   -0.009  &    0.057  &    0.067  &    0.062  \\
&(   0.051 )&(   0.051 )&(   0.051 )&(   0.048 ) \\
&   -0.059  &    0.158  &    0.015  &    0.008  \\
&(   0.047 )&(   0.114 )&(   0.046 )&(   0.043 ) \\
&   -0.097  &    0.031  &    0.058  &    0.092  \\
&(   0.058 )&(   0.078 )&(   0.095 )&(   0.082 ) \\


&   -0.002  &   -0.021  &   -0.015  &   -0.015  \\
&(   0.016 )&(   0.017 )&(   0.014 )&(   0.014 ) \\
&   -0.001  &   -0.012  &   -0.014  &   -0.013  \\
&(   0.011 )&(   0.011 )&(   0.011 )&(   0.011 ) \\
&    0.001  &   -0.046  &   -0.015  &   -0.013  \\
&(   0.012 )&(   0.023 )&(   0.012 )&(   0.011 ) \\
&    0.007  &   -0.026  &   -0.033  &   -0.042  \\
&(   0.014 )&(   0.021 )&(   0.024 )&(   0.020 ) \\


R-squared: 


&    0.261  &    0.430  &    0.421  &    0.440  \\
&(   0.039 )&(   0.104 )&(   0.111 )&(   0.080 ) \\
&    0.233  &    0.377  &    0.427  &    0.423  \\
&(   0.043 )&(   0.111 )&(   0.076 )&(   0.068 ) \\
&    0.256  &    0.419  &    0.342  &    0.346  \\
&(   0.045 )&(   0.086 )&(   0.072 )&(   0.060 ) \\
&    0.236  &    0.312  &    0.292  &    0.338  \\
&(   0.041 )&(   0.062 )&(   0.069 )&(   0.052 ) \\



tau-squared: 


 &    0.431  &    0.472  &    0.487  \\
 &(   0.086 )&(   0.100 )&(   0.074 ) \\
 &    0.462  &    0.495  &    0.516  \\
 &(   0.092 )&(   0.070 )&(   0.078 ) \\
 &    0.474  &    0.635  &    0.661  \\
 &(   0.132 )&(   0.109 )&(   0.080 ) \\
 &    0.585  &    0.580  &    0.587  \\
 &(   0.077 )&(   0.092 )&(   0.084 ) \\



J-statistics: 

 &    1.404  &    2.914  \\
 &    2.623  &    5.239  \\
 &    4.542  &    4.995  \\
 &    2.879  &    3.933  \\



P-values for the J-statistics: 

 &    0.496  &    0.713  \\
 &    0.269  &    0.387  \\
 &    0.103  &    0.417  \\
 &    0.237  &    0.559  \\


----------------------------------------------------------------------------
----------------------------------------------------------------------------
----------------------------------------------------------------------------
----------------------------------------------------------------------------

OLS:

&    0.057  &    0.012  &    0.162  &   -0.032  &   -0.002  &    0.261  \\
&(   0.007 )&(   0.003 )&(   0.046 )&(   0.097 )&(   0.016 )&(   0.039 ) \\ [5pt]
&    0.065  &    0.012  &    0.106  &   -0.009  &   -0.001  &    0.233  \\
&(   0.006 )&(   0.003 )&(   0.044 )&(   0.051 )&(   0.011 )&(   0.043 ) \\ [5pt]
&    0.067  &    0.011  &    0.131  &   -0.059  &    0.001  &    0.256  \\
&(   0.006 )&(   0.004 )&(   0.042 )&(   0.047 )&(   0.012 )&(   0.045 ) \\ [5pt]
&    0.071  &    0.014  &    0.161  &   -0.097  &    0.007  &    0.236  \\
&(   0.008 )&(   0.004 )&(   0.047 )&(   0.058 )&(   0.014 )&(   0.041 ) \\ [5pt]



GMM   3.000 

  92.000 &    0.027  &    0.041  &   -0.032  &    0.083  &   -0.021  &    0.430  &    0.431  &    0.000  &  737.000  \\
         &(   0.013 )&(   0.012 )&(   0.115 )&(   0.110 )&(   0.017 )&(   0.104 )&(   0.086 )&(   0.000 )&           \\ [5pt]
  93.000 &    0.036  &    0.034  &   -0.004  &    0.057  &   -0.012  &    0.377  &    0.462  &    0.000  &  737.000  \\
         &(   0.008 )&(   0.005 )&(   0.050 )&(   0.051 )&(   0.011 )&(   0.111 )&(   0.092 )&(   0.000 )&           \\ [5pt]
  94.000 &    0.035  &    0.047  &   -0.108  &    0.158  &   -0.046  &    0.419  &    0.474  &    0.000  &  737.000  \\
         &(   0.023 )&(   0.019 )&(   0.125 )&(   0.114 )&(   0.023 )&(   0.086 )&(   0.132 )&(   0.000 )&           \\ [5pt]
  95.000 &    0.061  &    0.035  &    0.011  &    0.031  &   -0.026  &    0.312  &    0.585  &    0.000  &  737.000  \\
         &(   0.007 )&(   0.008 )&(   0.068 )&(   0.078 )&(   0.021 )&(   0.062 )&(   0.077 )&(   0.000 )&           \\ [5pt]



GMM   4.000 

  92.000 &    0.037  &    0.031  &    0.032  &    0.045  &   -0.015  &    0.421  &    0.472  &    1.404  &  737.000  \\
         &(   0.008 )&(   0.006 )&(   0.069 )&(   0.091 )&(   0.014 )&(   0.111 )&(   0.100 )&(   0.496 )&           \\ [5pt]
  93.000 &    0.032  &    0.037  &   -0.021  &    0.067  &   -0.014  &    0.427  &    0.495  &    2.623  &  737.000  \\
         &(   0.008 )&(   0.005 )&(   0.048 )&(   0.051 )&(   0.011 )&(   0.076 )&(   0.070 )&(   0.269 )&           \\ [5pt]
  94.000 &    0.056  &    0.024  &    0.050  &    0.015  &   -0.015  &    0.342  &    0.635  &    4.542  &  737.000  \\
         &(   0.004 )&(   0.003 )&(   0.036 )&(   0.046 )&(   0.012 )&(   0.072 )&(   0.109 )&(   0.103 )&           \\ [5pt]
  95.000 &    0.058  &    0.040  &   -0.020  &    0.058  &   -0.033  &    0.292  &    0.580  &    2.879  &  737.000  \\
         &(   0.009 )&(   0.012 )&(   0.089 )&(   0.095 )&(   0.024 )&(   0.069 )&(   0.092 )&(   0.237 )&           \\ [5pt]



GMM   5.000 

  92.000 &    0.036  &    0.032  &    0.028  &    0.048  &   -0.015  &    0.440  &    0.487  &    2.914  &  737.000  \\
         &(   0.008 )&(   0.005 )&(   0.060 )&(   0.090 )&(   0.014 )&(   0.080 )&(   0.074 )&(   0.713 )&           \\ [5pt]
  93.000 &    0.034  &    0.035  &   -0.011  &    0.062  &   -0.013  &    0.423  &    0.516  &    5.239  &  737.000  \\
         &(   0.008 )&(   0.004 )&(   0.042 )&(   0.048 )&(   0.011 )&(   0.068 )&(   0.078 )&(   0.387 )&           \\ [5pt]
  94.000 &    0.058  &    0.022  &    0.058  &    0.008  &   -0.013  &    0.346  &    0.661  &    4.995  &  737.000  \\
         &(   0.003 )&(   0.002 )&(   0.034 )&(   0.043 )&(   0.011 )&(   0.060 )&(   0.080 )&(   0.417 )&           \\ [5pt]
  95.000 &    0.056  &    0.045  &   -0.059  &    0.092  &   -0.042  &    0.338  &    0.587  &    3.933  &  737.000  \\
         &(   0.009 )&(   0.007 )&(   0.064 )&(   0.082 )&(   0.020 )&(   0.052 )&(   0.084 )&(   0.559 )&           \\ [5pt]


---------------------------------------------------------------------------
---------------------------------------------------------------------------
---------------------------------------------------------------------------
---------------------------------------------------------------------------

CMD Intercept:

&    0.065  &    0.046  &    0.051  &    0.054  \\
&(   0.004 )&(   0.005 )&(   0.003 )&(   0.003 ) \\
&    2.658  &   11.400  &   13.732  &   14.222  \\
&    0.447  &    0.010  &    0.003  &    0.003  \\



CMD Coefficient on the mismeasured regressor:

&    0.012  &    0.037  &    0.029  &    0.027  \\
&(   0.002 )&(   0.004 )&(   0.002 )&(   0.002 ) \\
&    0.410  &    0.641  &    6.377  &   16.156  \\
&    0.938  &    0.887  &    0.095  &    0.001  \\



CMD Coefficients on the perfectly measured regressor:

&    0.138  &   -0.018  &    0.027  &    0.034  \\
&(   0.027 )&(   0.038 )&(   0.032 )&(   0.030 ) \\
&    1.565  &    0.617  &    2.342  &    5.584  \\
&    0.667  &    0.893  &    0.505  &    0.134  \\


&   -0.049  &    0.071  &    0.040  &    0.035  \\
&(   0.034 )&(   0.038 )&(   0.037 )&(   0.035 ) \\
&    1.590  &    0.665  &    0.775  &    1.882  \\
&    0.662  &    0.881  &    0.856  &    0.597  \\


&    0.001  &   -0.022  &   -0.015  &   -0.015  \\
&(   0.007 )&(   0.009 )&(   0.009 )&(   0.008 ) \\
&    0.290  &    2.233  &    0.753  &    2.664  \\
&    0.962  &    0.525  &    0.861  &    0.446  \\



CMD R-squared:

&    0.247  &    0.357  &    0.358  &    0.374  \\
&(   0.029 )&(   0.049 )&(   0.045 )&(   0.039 ) \\
&    0.536  &    1.656  &    2.154  &    1.965  \\
&    0.911  &    0.647  &    0.541  &    0.580  \\



CMD tau-squared:

 &    0.512  &    0.540  &    0.563  \\
 &(   0.054 )&(   0.053 )&(   0.049 ) \\
 &    1.978  &    1.876  &    3.482  \\
 &    0.577  &    0.599  &    0.323  \\

Fama-MacBeth


FM Intercept:

&    0.065  &    0.040  &    0.046  &    0.046  \\
&(   0.003 )&(   0.007 )&(   0.007 )&(   0.006 ) \\

FM Coefficients on the mismeasured regressors:

&    0.012  &    0.039  &    0.033  &    0.034  \\
&(   0.001 )&(   0.003 )&(   0.004 )&(   0.005 ) \\

FM Coefficients on the perfectly measured regressor:

&    0.140  &   -0.033  &    0.010  &    0.004  \\
&(   0.027 )&(   0.027 )&(   0.018 )&(   0.025 ) \\
&   -0.049  &    0.082  &    0.046  &    0.052  \\
&(   0.038 )&(   0.027 )&(   0.011 )&(   0.017 ) \\
&    0.001  &   -0.026  &   -0.019  &   -0.021  \\
&(   0.004 )&(   0.007 )&(   0.005 )&(   0.007 ) \\

FM R-squared:

&    0.246  &    0.384  &    0.371  &    0.387  \\
&(   0.014 )&(   0.027 )&(   0.033 )&(   0.026 ) \\

FM tau-squared:

&    0.488  &    0.546  &    0.563   \\
&(   0.034 )&(   0.038 )&(   0.039 ) \\

J-Test Rejections:

 &    1.000  &    0.000  &    0.000  \\
Lower Critical Values
      CMD Intercept:                                         -2.629               -3.046               -4.186               -4.932             
      CMD Coefficient on the mismeasured regressor:          -4.460               -5.771               -4.208               -8.679             
      CMD Coefficients on the perfectly measured regressor:  -4.713               -2.143               -3.105               -3.181             
      CMD Coefficients on the perfectly measured regressor:  -3.483               -3.957               -2.969               -2.944             
      CMD Coefficients on the perfectly measured regressor:  -2.153               -1.947               -2.432               -2.354             
      CMD R-squared:                                         -1.779               -2.453               -3.096               -3.756             
      CMD tau-squared:                                        0.000               -2.137               -2.595               -4.481             
      CMD SUM                                                 1.000               -2.514               -2.732               -2.674             
Upper Critical Values
      CMD Intercept:                                          1.714                3.719                3.047                2.229             
      CMD Coefficient on the mismeasured regressor:           1.921                2.872                6.736               12.461             
      CMD Coefficients on the perfectly measured regressor:   3.066                3.914                2.105                3.610             
      CMD Coefficients on the perfectly measured regressor:   1.977                1.803                2.492                2.701             
      CMD Coefficients on the perfectly measured regressor:   2.820                3.137                2.115                2.405             
      CMD R-squared:                                          2.393                2.073                2.710                3.129             
      CMD tau-squared:                                        0.000                2.842                2.746                2.662             
      CMD SUM                                                 1.000                2.555                2.867                2.902             
---------------------------------------------------------------------------
---------------------------------------------------------------------------
---------------------------------------------------------------------------
---------------------------------------------------------------------------

CMD Intercept:

&    0.065  &    0.046  &    0.051  &    0.054  \\
&(   0.004 )&(   0.005 )&(   0.003 )&(   0.003 ) \\
&    2.658  &   11.400  &   13.732  &   14.222  \\
&    0.447  &    0.010  &    0.003  &    0.003  \\
&    1.000  &    1.000  &    1.000  &    1.000  \\



CMD Coefficient on the mismeasured regressor:

&    0.012  &    0.037  &    0.029  &    0.027  \\
&(   0.002 )&(   0.004 )&(   0.002 )&(   0.002 ) \\
&    0.410  &    0.641  &    6.377  &   16.156  \\
&    0.938  &    0.887  &    0.095  &    0.001  \\
&    1.000  &    1.000  &    1.000  &    1.000  \\



CMD Coefficients on the perfectly measured regressor:

&    0.138  &   -0.018  &    0.027  &    0.034  \\
&(   0.027 )&(   0.038 )&(   0.032 )&(   0.030 ) \\
&    1.565  &    0.617  &    2.342  &    5.584  \\
&    0.667  &    0.893  &    0.505  &    0.134  \\
&    1.000  &    0.000  &    0.000  &    0.000  \\


&   -0.049  &    0.071  &    0.040  &    0.035  \\
&(   0.034 )&(   0.038 )&(   0.037 )&(   0.035 ) \\
&    1.590  &    0.665  &    0.775  &    1.882  \\
&    0.662  &    0.881  &    0.856  &    0.597  \\
&    1.000  &    0.000  &    0.000  &    0.000  \\


&    0.001  &   -0.022  &   -0.015  &   -0.015  \\
&(   0.007 )&(   0.009 )&(   0.009 )&(   0.008 ) \\
&    0.290  &    2.233  &    0.753  &    2.664  \\
&    0.962  &    0.525  &    0.861  &    0.446  \\
&    1.000  &    0.000  &    0.000  &    0.000  \\



CMD R-squared:

&    0.247  &    0.357  &    0.358  &    0.374  \\
&(   0.029 )&(   0.049 )&(   0.045 )&(   0.039 ) \\
&    0.536  &    1.656  &    2.154  &    1.965  \\
&    0.911  &    0.647  &    0.541  &    0.580  \\
&    1.000  &    1.000  &    1.000  &    0.000  \\



CMD tau-squared:

 &    0.512  &    0.540  &    0.563  \\
 &(   0.054 )&(   0.053 )&(   0.049 ) \\
 &    1.978  &    1.876  &    3.482  \\
 &    0.577  &    0.599  &    0.323  \\
 &    1.000  &    1.000  &    1.000  \\
Start time:  12:40:17
End time:    13:11:27
Start date:  10/26/10
End date:    10/26/10
