
Intercept:

&    0.046  &    0.037  &    0.038  &    0.041  \\
&(   0.008 )&(   0.008 )&(   0.009 )&(   0.009 ) \\
&    0.048  &    0.036  &    0.036  &    0.033  \\
&(   0.007 )&(   0.009 )&(   0.009 )&(   0.009 ) \\
&    0.046  &    0.031  &    0.036  &    0.044  \\
&(   0.006 )&(   0.015 )&(   0.008 )&(   0.006 ) \\
&    0.059  &    0.036  &    0.026  &    0.022  \\
&(   0.011 )&(   0.010 )&(   0.011 )&(   0.011 ) \\


Coefficient on the mismeasured regressor:

   1.000 &    0.010  &    0.040  &    0.038  &    0.029  \\
   1.000 &(   0.003 )&(   0.011 )&(   0.008 )&(   0.006 ) \\
   2.000 &    0.010  &    0.035  &    0.035  &    0.041  \\
   2.000 &(   0.003 )&(   0.008 )&(   0.008 )&(   0.004 ) \\
   3.000 &    0.010  &    0.063  &    0.045  &    0.017  \\
   3.000 &(   0.003 )&(   0.044 )&(   0.012 )&(   0.003 ) \\
   4.000 &    0.015  &    0.039  &    0.050  &    0.055  \\
   4.000 &(   0.004 )&(   0.010 )&(   0.010 )&(   0.008 ) \\


Coefficients on the perfectly measured regressors:


&    0.251  &   -0.079  &   -0.056  &    0.051  \\
&(   0.071 )&(   0.165 )&(   0.116 )&(   0.089 ) \\
&    0.223  &   -0.023  &   -0.030  &   -0.083  \\
&(   0.057 )&(   0.100 )&(   0.101 )&(   0.072 ) \\
&    0.232  &   -0.285  &   -0.111  &    0.161  \\
&(   0.046 )&(   0.432 )&(   0.125 )&(   0.048 ) \\
&    0.188  &    0.058  &    0.001  &   -0.025  \\
&(   0.065 )&(   0.066 )&(   0.072 )&(   0.069 ) \\


&   -0.133  &    0.081  &    0.066  &   -0.003  \\
&(   0.085 )&(   0.134 )&(   0.111 )&(   0.090 ) \\
&   -0.154  &    0.019  &    0.023  &    0.061  \\
&(   0.060 )&(   0.084 )&(   0.088 )&(   0.083 ) \\
&   -0.138  &    0.106  &    0.023  &   -0.105  \\
&(   0.044 )&(   0.229 )&(   0.098 )&(   0.037 ) \\
&   -0.076  &   -0.170  &   -0.211  &   -0.230  \\
&(   0.064 )&(   0.062 )&(   0.066 )&(   0.067 ) \\


&    0.013  &    0.051  &    0.048  &    0.036  \\
&(   0.103 )&(   0.104 )&(   0.099 )&(   0.097 ) \\
&    0.032  &    0.055  &    0.056  &    0.061  \\
&(   0.047 )&(   0.051 )&(   0.051 )&(   0.060 ) \\
&   -0.022  &    0.220  &    0.138  &    0.012  \\
&(   0.042 )&(   0.227 )&(   0.096 )&(   0.041 ) \\
&   -0.049  &    0.150  &    0.237  &    0.277  \\
&(   0.065 )&(   0.111 )&(   0.115 )&(   0.110 ) \\


&    0.017  &   -0.017  &   -0.014  &   -0.003  \\
&(   0.012 )&(   0.019 )&(   0.016 )&(   0.012 ) \\
&    0.028  &   -0.002  &   -0.003  &   -0.009  \\
&(   0.010 )&(   0.014 )&(   0.015 )&(   0.015 ) \\
&    0.038  &   -0.011  &    0.005  &    0.031  \\
&(   0.010 )&(   0.050 )&(   0.023 )&(   0.008 ) \\
&    0.029  &    0.054  &    0.065  &    0.071  \\
&(   0.016 )&(   0.016 )&(   0.017 )&(   0.016 ) \\


&   -0.007  &   -0.014  &   -0.013  &   -0.011  \\
&(   0.018 )&(   0.016 )&(   0.015 )&(   0.015 ) \\
&   -0.009  &   -0.013  &   -0.013  &   -0.014  \\
&(   0.011 )&(   0.012 )&(   0.012 )&(   0.014 ) \\
&   -0.012  &   -0.065  &   -0.047  &   -0.019  \\
&(   0.012 )&(   0.049 )&(   0.024 )&(   0.012 ) \\
&   -0.011  &   -0.063  &   -0.086  &   -0.097  \\
&(   0.016 )&(   0.030 )&(   0.028 )&(   0.026 ) \\


R-squared: 


&    0.272  &    0.417  &    0.409  &    0.460  \\
&(   0.036 )&(   0.109 )&(   0.119 )&(   0.100 ) \\
&    0.253  &    0.381  &    0.371  &    0.442  \\
&(   0.046 )&(   0.101 )&(   0.087 )&(   0.079 ) \\
&    0.274  &    0.474  &    0.453  &    0.346  \\
&(   0.046 )&(   0.144 )&(   0.065 )&(   0.055 ) \\
&    0.241  &    0.329  &    0.338  &    0.394  \\
&(   0.041 )&(   0.065 )&(   0.077 )&(   0.060 ) \\



tau-squared: 


 &    0.447  &    0.433  &    0.494  \\
 &(   0.075 )&(   0.074 )&(   0.066 ) \\
 &    0.457  &    0.464  &    0.483  \\
 &(   0.061 )&(   0.057 )&(   0.061 ) \\
 &    0.446  &    0.520  &    0.742  \\
 &(   0.115 )&(   0.064 )&(   0.084 ) \\
 &    0.587  &    0.580  &    0.599  \\
 &(   0.067 )&(   0.075 )&(   0.072 ) \\



J-statistics: 

 &    1.158  &    3.766  \\
 &    0.189  &    2.287  \\
 &    1.515  &    5.293  \\
 &    2.213  &    4.182  \\



P-values for the J-statistics: 

 &    0.560  &    0.584  \\
 &    0.910  &    0.808  \\
 &    0.469  &    0.381  \\
 &    0.331  &    0.523  \\


----------------------------------------------------------------------------
----------------------------------------------------------------------------
----------------------------------------------------------------------------
----------------------------------------------------------------------------

OLS:

&    0.046  &    0.010  &    0.251  &   -0.133  &    0.013  &    0.017  &   -0.007  &    0.272  \\
&(   0.008 )&(   0.003 )&(   0.071 )&(   0.085 )&(   0.103 )&(   0.012 )&(   0.018 )&(   0.036 ) \\ [5pt]
&    0.048  &    0.010  &    0.223  &   -0.154  &    0.032  &    0.028  &   -0.009  &    0.253  \\
&(   0.007 )&(   0.003 )&(   0.057 )&(   0.060 )&(   0.047 )&(   0.010 )&(   0.011 )&(   0.046 ) \\ [5pt]
&    0.046  &    0.010  &    0.232  &   -0.138  &   -0.022  &    0.038  &   -0.012  &    0.274  \\
&(   0.006 )&(   0.003 )&(   0.046 )&(   0.044 )&(   0.042 )&(   0.010 )&(   0.012 )&(   0.046 ) \\ [5pt]
&    0.059  &    0.015  &    0.188  &   -0.076  &   -0.049  &    0.029  &   -0.011  &    0.241  \\
&(   0.011 )&(   0.004 )&(   0.065 )&(   0.064 )&(   0.065 )&(   0.016 )&(   0.016 )&(   0.041 ) \\ [5pt]



GMM   3.000 

  92.000 &    0.037  &    0.040  &   -0.079  &    0.081  &    0.051  &   -0.017  &   -0.014  &    0.417  &    0.447  &    0.000  &  737.000  \\
         &(   0.008 )&(   0.011 )&(   0.165 )&(   0.134 )&(   0.104 )&(   0.019 )&(   0.016 )&(   0.109 )&(   0.075 )&(   0.000 )&           \\ [5pt]
  93.000 &    0.036  &    0.035  &   -0.023  &    0.019  &    0.055  &   -0.002  &   -0.013  &    0.381  &    0.457  &    0.000  &  737.000  \\
         &(   0.009 )&(   0.008 )&(   0.100 )&(   0.084 )&(   0.051 )&(   0.014 )&(   0.012 )&(   0.101 )&(   0.061 )&(   0.000 )&           \\ [5pt]
  94.000 &    0.031  &    0.063  &   -0.285  &    0.106  &    0.220  &   -0.011  &   -0.065  &    0.474  &    0.446  &    0.000  &  737.000  \\
         &(   0.015 )&(   0.044 )&(   0.432 )&(   0.229 )&(   0.227 )&(   0.050 )&(   0.049 )&(   0.144 )&(   0.115 )&(   0.000 )&           \\ [5pt]
  95.000 &    0.036  &    0.039  &    0.058  &   -0.170  &    0.150  &    0.054  &   -0.063  &    0.329  &    0.587  &    0.000  &  737.000  \\
         &(   0.010 )&(   0.010 )&(   0.066 )&(   0.062 )&(   0.111 )&(   0.016 )&(   0.030 )&(   0.065 )&(   0.067 )&(   0.000 )&           \\ [5pt]



GMM   4.000 

  92.000 &    0.038  &    0.038  &   -0.056  &    0.066  &    0.048  &   -0.014  &   -0.013  &    0.409  &    0.433  &    1.158  &  737.000  \\
         &(   0.009 )&(   0.008 )&(   0.116 )&(   0.111 )&(   0.099 )&(   0.016 )&(   0.015 )&(   0.119 )&(   0.074 )&(   0.560 )&           \\ [5pt]
  93.000 &    0.036  &    0.035  &   -0.030  &    0.023  &    0.056  &   -0.003  &   -0.013  &    0.371  &    0.464  &    0.189  &  737.000  \\
         &(   0.009 )&(   0.008 )&(   0.101 )&(   0.088 )&(   0.051 )&(   0.015 )&(   0.012 )&(   0.087 )&(   0.057 )&(   0.910 )&           \\ [5pt]
  94.000 &    0.036  &    0.045  &   -0.111  &    0.023  &    0.138  &    0.005  &   -0.047  &    0.453  &    0.520  &    1.515  &  737.000  \\
         &(   0.008 )&(   0.012 )&(   0.125 )&(   0.098 )&(   0.096 )&(   0.023 )&(   0.024 )&(   0.065 )&(   0.064 )&(   0.469 )&           \\ [5pt]
  95.000 &    0.026  &    0.050  &    0.001  &   -0.211  &    0.237  &    0.065  &   -0.086  &    0.338  &    0.580  &    2.213  &  737.000  \\
         &(   0.011 )&(   0.010 )&(   0.072 )&(   0.066 )&(   0.115 )&(   0.017 )&(   0.028 )&(   0.077 )&(   0.075 )&(   0.331 )&           \\ [5pt]



GMM   5.000 

  92.000 &    0.041  &    0.029  &    0.051  &   -0.003  &    0.036  &   -0.003  &   -0.011  &    0.460  &    0.494  &    3.766  &  737.000  \\
         &(   0.009 )&(   0.006 )&(   0.089 )&(   0.090 )&(   0.097 )&(   0.012 )&(   0.015 )&(   0.100 )&(   0.066 )&(   0.584 )&           \\ [5pt]
  93.000 &    0.033  &    0.041  &   -0.083  &    0.061  &    0.061  &   -0.009  &   -0.014  &    0.442  &    0.483  &    2.287  &  737.000  \\
         &(   0.009 )&(   0.004 )&(   0.072 )&(   0.083 )&(   0.060 )&(   0.015 )&(   0.014 )&(   0.079 )&(   0.061 )&(   0.808 )&           \\ [5pt]
  94.000 &    0.044  &    0.017  &    0.161  &   -0.105  &    0.012  &    0.031  &   -0.019  &    0.346  &    0.742  &    5.293  &  737.000  \\
         &(   0.006 )&(   0.003 )&(   0.048 )&(   0.037 )&(   0.041 )&(   0.008 )&(   0.012 )&(   0.055 )&(   0.084 )&(   0.381 )&           \\ [5pt]
  95.000 &    0.022  &    0.055  &   -0.025  &   -0.230  &    0.277  &    0.071  &   -0.097  &    0.394  &    0.599  &    4.182  &  737.000  \\
         &(   0.011 )&(   0.008 )&(   0.069 )&(   0.067 )&(   0.110 )&(   0.016 )&(   0.026 )&(   0.060 )&(   0.072 )&(   0.523 )&           \\ [5pt]


---------------------------------------------------------------------------
---------------------------------------------------------------------------
---------------------------------------------------------------------------
---------------------------------------------------------------------------

CMD Intercept:

&    0.048  &    0.035  &    0.035  &    0.040  \\
&(   0.005 )&(   0.006 )&(   0.006 )&(   0.005 ) \\
&    1.526  &    0.157  &    0.910  &    5.113  \\
&    0.676  &    0.984  &    0.823  &    0.164  \\



CMD Coefficient on the mismeasured regressor:

&    0.011  &    0.040  &    0.039  &    0.029  \\
&(   0.002 )&(   0.004 )&(   0.004 )&(   0.002 ) \\
&    1.557  &    0.703  &    2.187  &   32.685  \\
&    0.669  &    0.872  &    0.534  &    0.000  \\



CMD Coefficients on the perfectly measured regressor:

&    0.224  &    0.011  &   -0.030  &    0.086  \\
&(   0.038 )&(   0.048 )&(   0.057 )&(   0.042 ) \\
&    0.621  &    1.644  &    0.788  &   16.527  \\
&    0.892  &    0.650  &    0.852  &    0.001  \\


&   -0.128  &   -0.106  &   -0.089  &   -0.110  \\
&(   0.039 )&(   0.049 )&(   0.052 )&(   0.036 ) \\
&    1.129  &    8.907  &    9.400  &    9.829  \\
&    0.770  &    0.031  &    0.024  &    0.020  \\


&   -0.005  &    0.089  &    0.088  &    0.036  \\
&(   0.032 )&(   0.044 )&(   0.045 )&(   0.036 ) \\
&    1.340  &    2.254  &    2.466  &    6.445  \\
&    0.720  &    0.521  &    0.482  &    0.092  \\


&    0.029  &    0.018  &    0.015  &    0.024  \\
&(   0.007 )&(   0.009 )&(   0.009 )&(   0.007 ) \\
&    2.294  &   13.344  &   14.133  &   18.603  \\
&    0.514  &    0.004  &    0.003  &    0.000  \\


&   -0.010  &   -0.021  &   -0.021  &   -0.019  \\
&(   0.008 )&(   0.010 )&(   0.010 )&(   0.009 ) \\
&    0.057  &    6.916  &    7.802  &   10.517  \\
&    0.996  &    0.075  &    0.050  &    0.015  \\



CMD R-squared:

&    0.260  &    0.366  &    0.395  &    0.389  \\
&(   0.028 )&(   0.050 )&(   0.048 )&(   0.041 ) \\
&    0.750  &    1.214  &    2.009  &    2.051  \\
&    0.861  &    0.750  &    0.571  &    0.562  \\



CMD tau-squared:

 &    0.509  &    0.502  &    0.570  \\
 &(   0.047 )&(   0.046 )&(   0.045 ) \\
 &    2.815  &    2.618  &    7.983  \\
 &    0.421  &    0.454  &    0.046  \\

Fama-MacBeth


FM Intercept:

&    0.050  &    0.035  &    0.034  &    0.035  \\
&(   0.003 )&(   0.001 )&(   0.003 )&(   0.005 ) \\

FM Coefficients on the mismeasured regressors:

&    0.011  &    0.044  &    0.042  &    0.035  \\
&(   0.001 )&(   0.006 )&(   0.003 )&(   0.008 ) \\

FM Coefficients on the perfectly measured regressor:

&    0.224  &   -0.082  &   -0.049  &    0.026  \\
&(   0.026 )&(   0.073 )&(   0.024 )&(   0.053 ) \\
&   -0.125  &    0.009  &   -0.025  &   -0.069  \\
&(   0.034 )&(   0.062 )&(   0.063 )&(   0.063 ) \\
&   -0.006  &    0.119  &    0.120  &    0.096  \\
&(   0.036 )&(   0.041 )&(   0.044 )&(   0.061 ) \\
&    0.028  &    0.006  &    0.013  &    0.022  \\
&(   0.009 )&(   0.016 )&(   0.018 )&(   0.018 ) \\
&   -0.010  &   -0.039  &   -0.040  &   -0.035  \\
&(   0.002 )&(   0.015 )&(   0.017 )&(   0.021 ) \\

FM R-squared:

&    0.260  &    0.400  &    0.393  &    0.411  \\
&(   0.016 )&(   0.031 )&(   0.025 )&(   0.025 ) \\

FM tau-squared:

&    0.484  &    0.499  &    0.579   \\
&(   0.034 )&(   0.032 )&(   0.060 ) \\

J-Test Rejections:

 &    1.000  &    0.000  &    0.000  \\
Lower Critical Values
      CMD Intercept:                                         -1.938               -2.093               -1.945               -2.955             
      CMD Coefficient on the mismeasured regressor:          -4.347               -6.680               -7.693               -8.500             
      CMD Coefficients on the perfectly measured regressor:  -3.187               -2.478               -1.952               -4.945             
      CMD Coefficients on the perfectly measured regressor:  -1.796               -2.194               -2.513               -2.331             
      CMD Coefficients on the perfectly measured regressor:  -3.207               -3.844               -3.775               -2.266             
      CMD Coefficients on the perfectly measured regressor:  -2.800               -2.880               -2.384               -3.957             
      CMD Coefficients on the perfectly measured regressor:  -2.017               -2.924               -2.759               -2.948             
      CMD R-squared:                                         -1.608               -2.437               -3.636               -3.418             
      CMD tau-squared:                                        0.000               -2.065               -1.569               -3.869             
      CMD SUM                                                 1.000               -2.347               -2.391               -2.657             
Upper Critical Values
      CMD Intercept:                                          2.915                4.126                4.395                3.309             
      CMD Coefficient on the mismeasured regressor:           1.886                2.661                3.639               13.349             
      CMD Coefficients on the perfectly measured regressor:   2.620                3.998                4.993                2.874             
      CMD Coefficients on the perfectly measured regressor:   2.752                3.693                3.155                3.778             
      CMD Coefficients on the perfectly measured regressor:   2.057                2.468                2.282                3.517             
      CMD Coefficients on the perfectly measured regressor:   1.687                2.417                2.831                1.823             
      CMD Coefficients on the perfectly measured regressor:   2.727                2.552                2.399                2.251             
      CMD R-squared:                                          2.441                2.183                1.912                2.720             
      CMD tau-squared:                                        0.000                3.239                3.876                2.607             
      CMD SUM                                                 1.000                2.816                3.192                3.013             
---------------------------------------------------------------------------
---------------------------------------------------------------------------
---------------------------------------------------------------------------
---------------------------------------------------------------------------

CMD Intercept:

&    0.048  &    0.035  &    0.035  &    0.040  \\
&(   0.005 )&(   0.006 )&(   0.006 )&(   0.005 ) \\
&    1.526  &    0.157  &    0.910  &    5.113  \\
&    0.676  &    0.984  &    0.823  &    0.164  \\
&    1.000  &    1.000  &    1.000  &    1.000  \\



CMD Coefficient on the mismeasured regressor:

&    0.011  &    0.040  &    0.039  &    0.029  \\
&(   0.002 )&(   0.004 )&(   0.004 )&(   0.002 ) \\
&    1.557  &    0.703  &    2.187  &   32.685  \\
&    0.669  &    0.872  &    0.534  &    0.000  \\
&    1.000  &    1.000  &    1.000  &    1.000  \\



CMD Coefficients on the perfectly measured regressor:

&    0.224  &    0.011  &   -0.030  &    0.086  \\
&(   0.038 )&(   0.048 )&(   0.057 )&(   0.042 ) \\
&    0.621  &    1.644  &    0.788  &   16.527  \\
&    0.892  &    0.650  &    0.852  &    0.001  \\
&    1.000  &    0.000  &    0.000  &    0.000  \\


&   -0.128  &   -0.106  &   -0.089  &   -0.110  \\
&(   0.039 )&(   0.049 )&(   0.052 )&(   0.036 ) \\
&    1.129  &    8.907  &    9.400  &    9.829  \\
&    0.770  &    0.031  &    0.024  &    0.020  \\
&    1.000  &    0.000  &    0.000  &    0.000  \\


&   -0.005  &    0.089  &    0.088  &    0.036  \\
&(   0.032 )&(   0.044 )&(   0.045 )&(   0.036 ) \\
&    1.340  &    2.254  &    2.466  &    6.445  \\
&    0.720  &    0.521  &    0.482  &    0.092  \\
&    1.000  &    0.000  &    0.000  &    0.000  \\


&    0.029  &    0.018  &    0.015  &    0.024  \\
&(   0.007 )&(   0.009 )&(   0.009 )&(   0.007 ) \\
&    2.294  &   13.344  &   14.133  &   18.603  \\
&    0.514  &    0.004  &    0.003  &    0.000  \\
&    1.000  &    0.000  &    0.000  &    1.000  \\


&   -0.010  &   -0.021  &   -0.021  &   -0.019  \\
&(   0.008 )&(   0.010 )&(   0.010 )&(   0.009 ) \\
&    0.057  &    6.916  &    7.802  &   10.517  \\
&    0.996  &    0.075  &    0.050  &    0.015  \\
&    1.000  &    0.000  &    0.000  &    0.000  \\



CMD R-squared:

&    0.260  &    0.366  &    0.395  &    0.389  \\
&(   0.028 )&(   0.050 )&(   0.048 )&(   0.041 ) \\
&    0.750  &    1.214  &    2.009  &    2.051  \\
&    0.861  &    0.750  &    0.571  &    0.562  \\
&    1.000  &    1.000  &    1.000  &    0.000  \\



CMD tau-squared:

 &    0.509  &    0.502  &    0.570  \\
 &(   0.047 )&(   0.046 )&(   0.045 ) \\
 &    2.815  &    2.618  &    7.983  \\
 &    0.421  &    0.454  &    0.046  \\
 &    1.000  &    1.000  &    1.000  \\
Start time:  12:40:22
End time:    13:12:36
Start date:  10/26/10
End date:    10/26/10
