
Intercept:

&    0.046  &    0.037  &    0.038  &    0.041  \\
&(   0.008 )&(   0.008 )&(   0.009 )&(   0.009 ) \\
&    0.048  &    0.035  &    0.035  &    0.033  \\
&(   0.007 )&(   0.009 )&(   0.009 )&(   0.009 ) \\
&    0.045  &    0.024  &    0.034  &    0.043  \\
&(   0.006 )&(   0.026 )&(   0.008 )&(   0.006 ) \\
&    0.058  &    0.042  &    0.030  &    0.025  \\
&(   0.011 )&(   0.010 )&(   0.010 )&(   0.008 ) \\


Coefficient on the mismeasured regressor:

   1.000 &    0.010  &    0.040  &    0.037  &    0.027  \\
   1.000 &(   0.003 )&(   0.010 )&(   0.007 )&(   0.007 ) \\
   2.000 &    0.010  &    0.036  &    0.036  &    0.042  \\
   2.000 &(   0.003 )&(   0.007 )&(   0.007 )&(   0.004 ) \\
   3.000 &    0.010  &    0.083  &    0.048  &    0.017  \\
   3.000 &(   0.003 )&(   0.078 )&(   0.013 )&(   0.004 ) \\
   4.000 &    0.016  &    0.032  &    0.044  &    0.049  \\
   4.000 &(   0.003 )&(   0.008 )&(   0.009 )&(   0.006 ) \\


Coefficients on the perfectly measured regressors:


&    0.251  &   -0.071  &   -0.043  &    0.073  \\
&(   0.072 )&(   0.160 )&(   0.104 )&(   0.098 ) \\
&    0.224  &   -0.037  &   -0.038  &   -0.091  \\
&(   0.057 )&(   0.095 )&(   0.095 )&(   0.072 ) \\
&    0.229  &   -0.468  &   -0.134  &    0.161  \\
&(   0.045 )&(   0.749 )&(   0.133 )&(   0.055 ) \\
&    0.183  &    0.097  &    0.038  &    0.012  \\
&(   0.060 )&(   0.057 )&(   0.063 )&(   0.058 ) \\


&   -0.126  &    0.102  &    0.082  &    0.000  \\
&(   0.081 )&(   0.129 )&(   0.096 )&(   0.092 ) \\
&   -0.140  &    0.055  &    0.056  &    0.095  \\
&(   0.056 )&(   0.083 )&(   0.083 )&(   0.072 ) \\
&   -0.146  &    0.381  &    0.129  &   -0.094  \\
&(   0.041 )&(   0.556 )&(   0.110 )&(   0.052 ) \\
&   -0.110  &   -0.065  &   -0.034  &   -0.020  \\
&(   0.062 )&(   0.056 )&(   0.062 )&(   0.068 ) \\


&    0.014  &   -0.023  &   -0.020  &   -0.007  \\
&(   0.011 )&(   0.019 )&(   0.014 )&(   0.014 ) \\
&    0.023  &   -0.010  &   -0.010  &   -0.017  \\
&(   0.009 )&(   0.014 )&(   0.014 )&(   0.012 ) \\
&    0.033  &   -0.083  &   -0.028  &    0.021  \\
&(   0.008 )&(   0.120 )&(   0.026 )&(   0.011 ) \\
&    0.027  &    0.016  &    0.007  &    0.004  \\
&(   0.014 )&(   0.013 )&(   0.014 )&(   0.016 ) \\


R-squared: 


&    0.271  &    0.414  &    0.401  &    0.436  \\
&(   0.035 )&(   0.115 )&(   0.118 )&(   0.105 ) \\
&    0.251  &    0.386  &    0.382  &    0.467  \\
&(   0.045 )&(   0.097 )&(   0.089 )&(   0.069 ) \\
&    0.269  &    0.576  &    0.450  &    0.349  \\
&(   0.047 )&(   0.279 )&(   0.074 )&(   0.060 ) \\
&    0.234  &    0.312  &    0.341  &    0.386  \\
&(   0.043 )&(   0.061 )&(   0.072 )&(   0.057 ) \\



tau-squared: 


 &    0.448  &    0.438  &    0.496  \\
 &(   0.074 )&(   0.068 )&(   0.068 ) \\
 &    0.446  &    0.445  &    0.474  \\
 &(   0.069 )&(   0.064 )&(   0.055 ) \\
 &    0.372  &    0.469  &    0.720  \\
 &(   0.117 )&(   0.053 )&(   0.110 ) \\
 &    0.580  &    0.523  &    0.513  \\
 &(   0.099 )&(   0.092 )&(   0.086 ) \\



J-statistics: 

 &    0.742  &    3.077  \\
 &    0.015  &    2.480  \\
 &    0.554  &    5.884  \\
 &    2.121  &    3.222  \\



P-values for the J-statistics: 

 &    0.690  &    0.688  \\
 &    0.993  &    0.780  \\
 &    0.758  &    0.318  \\
 &    0.346  &    0.666  \\


----------------------------------------------------------------------------
----------------------------------------------------------------------------
----------------------------------------------------------------------------
----------------------------------------------------------------------------

OLS:

&    0.046  &    0.010  &    0.251  &   -0.126  &    0.014  &    0.271  \\
&(   0.008 )&(   0.003 )&(   0.072 )&(   0.081 )&(   0.011 )&(   0.035 ) \\ [5pt]
&    0.048  &    0.010  &    0.224  &   -0.140  &    0.023  &    0.251  \\
&(   0.007 )&(   0.003 )&(   0.057 )&(   0.056 )&(   0.009 )&(   0.045 ) \\ [5pt]
&    0.045  &    0.010  &    0.229  &   -0.146  &    0.033  &    0.269  \\
&(   0.006 )&(   0.003 )&(   0.045 )&(   0.041 )&(   0.008 )&(   0.047 ) \\ [5pt]
&    0.058  &    0.016  &    0.183  &   -0.110  &    0.027  &    0.234  \\
&(   0.011 )&(   0.003 )&(   0.060 )&(   0.062 )&(   0.014 )&(   0.043 ) \\ [5pt]



GMM   3.000 

  92.000 &    0.037  &    0.040  &   -0.071  &    0.102  &   -0.023  &    0.414  &    0.448  &    0.000  &  737.000  \\
         &(   0.008 )&(   0.010 )&(   0.160 )&(   0.129 )&(   0.019 )&(   0.115 )&(   0.074 )&(   0.000 )&           \\ [5pt]
  93.000 &    0.035  &    0.036  &   -0.037  &    0.055  &   -0.010  &    0.386  &    0.446  &    0.000  &  737.000  \\
         &(   0.009 )&(   0.007 )&(   0.095 )&(   0.083 )&(   0.014 )&(   0.097 )&(   0.069 )&(   0.000 )&           \\ [5pt]
  94.000 &    0.024  &    0.083  &   -0.468  &    0.381  &   -0.083  &    0.576  &    0.372  &    0.000  &  737.000  \\
         &(   0.026 )&(   0.078 )&(   0.749 )&(   0.556 )&(   0.120 )&(   0.279 )&(   0.117 )&(   0.000 )&           \\ [5pt]
  95.000 &    0.042  &    0.032  &    0.097  &   -0.065  &    0.016  &    0.312  &    0.580  &    0.000  &  737.000  \\
         &(   0.010 )&(   0.008 )&(   0.057 )&(   0.056 )&(   0.013 )&(   0.061 )&(   0.099 )&(   0.000 )&           \\ [5pt]



GMM   4.000 

  92.000 &    0.038  &    0.037  &   -0.043  &    0.082  &   -0.020  &    0.401  &    0.438  &    0.742  &  737.000  \\
         &(   0.009 )&(   0.007 )&(   0.104 )&(   0.096 )&(   0.014 )&(   0.118 )&(   0.068 )&(   0.690 )&           \\ [5pt]
  93.000 &    0.035  &    0.036  &   -0.038  &    0.056  &   -0.010  &    0.382  &    0.445  &    0.015  &  737.000  \\
         &(   0.009 )&(   0.007 )&(   0.095 )&(   0.083 )&(   0.014 )&(   0.089 )&(   0.064 )&(   0.993 )&           \\ [5pt]
  94.000 &    0.034  &    0.048  &   -0.134  &    0.129  &   -0.028  &    0.450  &    0.469  &    0.554  &  737.000  \\
         &(   0.008 )&(   0.013 )&(   0.133 )&(   0.110 )&(   0.026 )&(   0.074 )&(   0.053 )&(   0.758 )&           \\ [5pt]
  95.000 &    0.030  &    0.044  &    0.038  &   -0.034  &    0.007  &    0.341  &    0.523  &    2.121  &  737.000  \\
         &(   0.010 )&(   0.009 )&(   0.063 )&(   0.062 )&(   0.014 )&(   0.072 )&(   0.092 )&(   0.346 )&           \\ [5pt]



GMM   5.000 

  92.000 &    0.041  &    0.027  &    0.073  &    0.000  &   -0.007  &    0.436  &    0.496  &    3.077  &  737.000  \\
         &(   0.009 )&(   0.007 )&(   0.098 )&(   0.092 )&(   0.014 )&(   0.105 )&(   0.068 )&(   0.688 )&           \\ [5pt]
  93.000 &    0.033  &    0.042  &   -0.091  &    0.095  &   -0.017  &    0.467  &    0.474  &    2.480  &  737.000  \\
         &(   0.009 )&(   0.004 )&(   0.072 )&(   0.072 )&(   0.012 )&(   0.069 )&(   0.055 )&(   0.780 )&           \\ [5pt]
  94.000 &    0.043  &    0.017  &    0.161  &   -0.094  &    0.021  &    0.349  &    0.720  &    5.884  &  737.000  \\
         &(   0.006 )&(   0.004 )&(   0.055 )&(   0.052 )&(   0.011 )&(   0.060 )&(   0.110 )&(   0.318 )&           \\ [5pt]
  95.000 &    0.025  &    0.049  &    0.012  &   -0.020  &    0.004  &    0.386  &    0.513  &    3.222  &  737.000  \\
         &(   0.008 )&(   0.006 )&(   0.058 )&(   0.068 )&(   0.016 )&(   0.057 )&(   0.086 )&(   0.666 )&           \\ [5pt]


---------------------------------------------------------------------------
---------------------------------------------------------------------------
---------------------------------------------------------------------------
---------------------------------------------------------------------------

CMD Intercept:

&    0.048  &    0.037  &    0.035  &    0.039  \\
&(   0.005 )&(   0.006 )&(   0.006 )&(   0.005 ) \\
&    1.430  &    0.415  &    0.392  &    5.757  \\
&    0.698  &    0.937  &    0.942  &    0.124  \\



CMD Coefficient on the mismeasured regressor:

&    0.012  &    0.038  &    0.038  &    0.032  \\
&(   0.002 )&(   0.004 )&(   0.004 )&(   0.003 ) \\
&    2.924  &    0.627  &    1.107  &   27.829  \\
&    0.403  &    0.890  &    0.775  &    0.000  \\



CMD Coefficients on the perfectly measured regressor:

&    0.220  &    0.049  &   -0.005  &    0.056  \\
&(   0.037 )&(   0.045 )&(   0.053 )&(   0.045 ) \\
&    0.730  &    3.306  &    2.171  &   13.527  \\
&    0.866  &    0.347  &    0.538  &    0.004  \\


&   -0.136  &   -0.015  &    0.024  &   -0.040  \\
&(   0.037 )&(   0.043 )&(   0.050 )&(   0.044 ) \\
&    0.395  &    3.231  &    3.083  &    7.389  \\
&    0.941  &    0.357  &    0.379  &    0.060  \\


&    0.025  &   -0.002  &   -0.011  &    0.003  \\
&(   0.007 )&(   0.009 )&(   0.010 )&(   0.008 ) \\
&    2.742  &    4.909  &    3.494  &    8.510  \\
&    0.433  &    0.179  &    0.322  &    0.037  \\



CMD R-squared:

&    0.258  &    0.350  &    0.385  &    0.398  \\
&(   0.028 )&(   0.049 )&(   0.049 )&(   0.040 ) \\
&    0.869  &    1.562  &    1.534  &    2.540  \\
&    0.833  &    0.668  &    0.675  &    0.468  \\



CMD tau-squared:

 &    0.479  &    0.467  &    0.503  \\
 &(   0.047 )&(   0.044 )&(   0.047 ) \\
 &    1.332  &    0.645  &    4.924  \\
 &    0.722  &    0.886  &    0.177  \\

Fama-MacBeth


FM Intercept:

&    0.050  &    0.034  &    0.034  &    0.036  \\
&(   0.003 )&(   0.004 )&(   0.002 )&(   0.004 ) \\

FM Coefficients on the mismeasured regressors:

&    0.012  &    0.048  &    0.041  &    0.034  \\
&(   0.001 )&(   0.012 )&(   0.003 )&(   0.007 ) \\

FM Coefficients on the perfectly measured regressor:

&    0.222  &   -0.119  &   -0.044  &    0.039  \\
&(   0.029 )&(   0.122 )&(   0.035 )&(   0.053 ) \\
&   -0.130  &    0.118  &    0.058  &   -0.005  \\
&(   0.016 )&(   0.094 )&(   0.034 )&(   0.039 ) \\
&    0.024  &   -0.025  &   -0.013  &    0.000  \\
&(   0.008 )&(   0.021 )&(   0.007 )&(   0.008 ) \\

FM R-squared:

&    0.256  &    0.422  &    0.394  &    0.409  \\
&(   0.018 )&(   0.056 )&(   0.023 )&(   0.026 ) \\

FM tau-squared:

&    0.461  &    0.469  &    0.551   \\
&(   0.043 )&(   0.019 )&(   0.057 ) \\

J-Test Rejections:

 &    1.000  &    0.000  &    0.000  \\
Lower Critical Values
      CMD Intercept:                                         -1.960               -2.165               -1.836               -2.752             
      CMD Coefficient on the mismeasured regressor:          -4.322               -5.735               -7.764               -8.402             
      CMD Coefficients on the perfectly measured regressor:  -3.386               -2.771               -2.345               -4.651             
      CMD Coefficients on the perfectly measured regressor:  -2.088               -2.876               -4.215               -2.421             
      CMD Coefficients on the perfectly measured regressor:  -2.650               -2.044               -1.659               -3.787             
      CMD R-squared:                                         -1.968               -2.438               -3.709               -3.992             
      CMD tau-squared:                                        0.000               -2.928               -1.807               -3.637             
      CMD SUM                                                 1.000               -2.088               -1.498               -3.226             
Upper Critical Values
      CMD Intercept:                                          2.895                3.649                4.315                3.413             
      CMD Coefficient on the mismeasured regressor:           1.864                2.529                3.623               14.536             
      CMD Coefficients on the perfectly measured regressor:   2.361                3.095                4.342                3.341             
      CMD Coefficients on the perfectly measured regressor:   2.782                2.465                2.361                4.215             
      CMD Coefficients on the perfectly measured regressor:   1.989                2.998                4.491                2.321             
      CMD R-squared:                                          2.207                2.287                2.074                2.741             
      CMD tau-squared:                                        0.000                3.022                3.504                2.464             
      CMD SUM                                                 1.000                2.968                4.267                2.353             
---------------------------------------------------------------------------
---------------------------------------------------------------------------
---------------------------------------------------------------------------
---------------------------------------------------------------------------

CMD Intercept:

&    0.048  &    0.037  &    0.035  &    0.039  \\
&(   0.005 )&(   0.006 )&(   0.006 )&(   0.005 ) \\
&    1.430  &    0.415  &    0.392  &    5.757  \\
&    0.698  &    0.937  &    0.942  &    0.124  \\
&    1.000  &    1.000  &    1.000  &    1.000  \\



CMD Coefficient on the mismeasured regressor:

&    0.012  &    0.038  &    0.038  &    0.032  \\
&(   0.002 )&(   0.004 )&(   0.004 )&(   0.003 ) \\
&    2.924  &    0.627  &    1.107  &   27.829  \\
&    0.403  &    0.890  &    0.775  &    0.000  \\
&    1.000  &    1.000  &    1.000  &    1.000  \\



CMD Coefficients on the perfectly measured regressor:

&    0.220  &    0.049  &   -0.005  &    0.056  \\
&(   0.037 )&(   0.045 )&(   0.053 )&(   0.045 ) \\
&    0.730  &    3.306  &    2.171  &   13.527  \\
&    0.866  &    0.347  &    0.538  &    0.004  \\
&    1.000  &    0.000  &    0.000  &    0.000  \\


&   -0.136  &   -0.015  &    0.024  &   -0.040  \\
&(   0.037 )&(   0.043 )&(   0.050 )&(   0.044 ) \\
&    0.395  &    3.231  &    3.083  &    7.389  \\
&    0.941  &    0.357  &    0.379  &    0.060  \\
&    1.000  &    0.000  &    0.000  &    0.000  \\


&    0.025  &   -0.002  &   -0.011  &    0.003  \\
&(   0.007 )&(   0.009 )&(   0.010 )&(   0.008 ) \\
&    2.742  &    4.909  &    3.494  &    8.510  \\
&    0.433  &    0.179  &    0.322  &    0.037  \\
&    1.000  &    0.000  &    0.000  &    0.000  \\



CMD R-squared:

&    0.258  &    0.350  &    0.385  &    0.398  \\
&(   0.028 )&(   0.049 )&(   0.049 )&(   0.040 ) \\
&    0.869  &    1.562  &    1.534  &    2.540  \\
&    0.833  &    0.668  &    0.675  &    0.468  \\
&    1.000  &    1.000  &    1.000  &    0.000  \\



CMD tau-squared:

 &    0.479  &    0.467  &    0.503  \\
 &(   0.047 )&(   0.044 )&(   0.047 ) \\
 &    1.332  &    0.645  &    4.924  \\
 &    0.722  &    0.886  &    0.177  \\
 &    1.000  &    1.000  &    1.000  \\
Start time:  12:40:12
End time:    13:10:07
Start date:  10/26/10
End date:    10/26/10
