With Straight-Up
Dividend and Bond Dummies


&    0.047  &    0.002  &    0.017  &    0.028  \\
&(   0.012 )&(   0.023 )&(   0.017 )&(   0.017 ) \\
&    0.053  &    0.003  &    0.003  &   -0.010  \\
&(   0.010 )&(   0.019 )&(   0.017 )&(   0.014 ) \\
&    0.020  &   -0.033  &   -0.012  &   -0.015  \\
&(   0.014 )&(   0.037 )&(   0.014 )&(   0.015 ) \\
&    0.043  &    0.018  &    0.004  &   -0.005  \\
&(   0.013 )&(   0.017 )&(   0.023 )&(   0.021 ) \\
&    0.044  &    0.002  &    0.001  &    0.000  \\
&(   0.007 )&(   0.011 )&(   0.011 )&(   0.011 ) \\
&[   5.933 ]&[   0.162 ]&[   0.121 ]&[  -0.028 ] \\
&    4.589  &    1.619  &    2.854  &    5.467  \\
&    0.204  &    0.655  &    0.415  &    0.141  \\
&    0.041  &   -0.002  &    0.003  &    0.000  \\


&    0.011  &    0.051  &    0.037  &    0.027  \\
&(   0.003 )&(   0.018 )&(   0.009 )&(   0.008 ) \\
&    0.009  &    0.041  &    0.041  &    0.049  \\
&(   0.003 )&(   0.008 )&(   0.007 )&(   0.003 ) \\
&    0.011  &    0.064  &    0.043  &    0.046  \\
&(   0.004 )&(   0.037 )&(   0.005 )&(   0.004 ) \\
&    0.016  &    0.031  &    0.041  &    0.046  \\
&(   0.003 )&(   0.006 )&(   0.011 )&(   0.009 ) \\
&    0.012  &    0.038  &    0.041  &    0.047  \\
&(   0.002 )&(   0.003 )&(   0.003 )&(   0.002 ) \\
&[   6.037 ]&[  11.242 ]&[  12.752 ]&[  20.805 ] \\
&    3.052  &    3.418  &    0.428  &    7.019  \\
&    0.384  &    0.332  &    0.934  &    0.071  \\
&    0.012  &    0.047  &    0.041  &    0.042  \\


&    0.329  &   -0.005  &    0.107  &    0.193  \\
&(   0.125 )&(   0.263 )&(   0.150 )&(   0.123 ) \\
&    0.205  &    0.055  &    0.055  &    0.017  \\
&(   0.061 )&(   0.086 )&(   0.083 )&(   0.083 ) \\
&    0.265  &   -0.079  &    0.057  &    0.036  \\
&(   0.050 )&(   0.260 )&(   0.052 )&(   0.046 ) \\
&    0.225  &    0.174  &    0.143  &    0.124  \\
&(   0.059 )&(   0.050 )&(   0.061 )&(   0.068 ) \\
&    0.243  &    0.141  &    0.087  &    0.071  \\
&(   0.041 )&(   0.046 )&(   0.041 )&(   0.040 ) \\
&[   5.914 ]&[   3.084 ]&[   2.097 ]&[   1.768 ] \\
&    1.917  &    3.207  &    1.612  &    3.184  \\
&    0.590  &    0.361  &    0.657  &    0.364  \\
&    0.256  &    0.036  &    0.090  &    0.092  \\


&   -0.104  &   -0.241  &   -0.195  &   -0.160  \\
&(   0.094 )&(   0.096 )&(   0.103 )&(   0.103 ) \\
&    0.028  &   -0.174  &   -0.175  &   -0.225  \\
&(   0.041 )&(   0.067 )&(   0.064 )&(   0.056 ) \\
&   -0.061  &   -0.268  &   -0.186  &   -0.199  \\
&(   0.053 )&(   0.148 )&(   0.055 )&(   0.057 ) \\
&   -0.057  &   -0.091  &   -0.112  &   -0.125  \\
&(   0.047 )&(   0.054 )&(   0.070 )&(   0.074 ) \\
&   -0.020  &   -0.148  &   -0.166  &   -0.185  \\
&(   0.032 )&(   0.038 )&(   0.044 )&(   0.044 ) \\
&[  -0.628 ]&[  -3.853 ]&[  -3.810 ]&[  -4.184 ] \\
&    4.219  &    3.073  &    0.967  &    1.645  \\
&    0.239  &    0.380  &    0.809  &    0.649  \\
&   -0.049  &   -0.193  &   -0.167  &   -0.177  \\


&   -0.158  &    0.102  &    0.014  &   -0.052  \\
&(   0.085 )&(   0.188 )&(   0.112 )&(   0.092 ) \\
&   -0.128  &   -0.003  &   -0.003  &    0.029  \\
&(   0.053 )&(   0.079 )&(   0.077 )&(   0.077 ) \\
&   -0.167  &    0.127  &    0.011  &    0.029  \\
&(   0.045 )&(   0.210 )&(   0.046 )&(   0.040 ) \\
&   -0.137  &   -0.113  &   -0.099  &   -0.090  \\
&(   0.055 )&(   0.043 )&(   0.052 )&(   0.059 ) \\
&   -0.149  &   -0.086  &   -0.031  &   -0.008  \\
&(   0.037 )&(   0.040 )&(   0.037 )&(   0.035 ) \\
&[  -4.059 ]&[  -2.137 ]&[  -0.825 ]&[  -0.235 ] \\
&    0.743  &    3.784  &    3.775  &    4.996  \\
&    0.863  &    0.286  &    0.287  &    0.172  \\
&   -0.147  &    0.028  &   -0.019  &   -0.021  \\


&    0.002  &    0.043  &    0.029  &    0.019  \\
&(   0.011 )&(   0.025 )&(   0.018 )&(   0.016 ) \\
&   -0.005  &    0.036  &    0.036  &    0.047  \\
&(   0.009 )&(   0.016 )&(   0.014 )&(   0.012 ) \\
&    0.030  &    0.078  &    0.059  &    0.062  \\
&(   0.015 )&(   0.033 )&(   0.015 )&(   0.015 ) \\
&    0.018  &    0.030  &    0.037  &    0.041  \\
&(   0.012 )&(   0.015 )&(   0.018 )&(   0.018 ) \\
&    0.005  &    0.042  &    0.041  &    0.042  \\
&(   0.007 )&(   0.010 )&(   0.011 )&(   0.011 ) \\
&[   0.745 ]&[   4.167 ]&[   3.748 ]&[   3.868 ] \\
&    6.174  &    1.499  &    3.779  &    5.167  \\
&    0.103  &    0.682  &    0.286  &    0.160  \\
&    0.011  &    0.047  &    0.040  &    0.042  \\


&    0.016  &   -0.020  &   -0.008  &    0.001  \\
&(   0.011 )&(   0.026 )&(   0.016 )&(   0.013 ) \\
&    0.020  &    0.006  &    0.006  &    0.002  \\
&(   0.009 )&(   0.013 )&(   0.012 )&(   0.013 ) \\
&    0.044  &   -0.015  &    0.008  &    0.005  \\
&(   0.011 )&(   0.042 )&(   0.011 )&(   0.010 ) \\
&    0.036  &    0.031  &    0.027  &    0.025  \\
&(   0.013 )&(   0.010 )&(   0.012 )&(   0.014 ) \\
&    0.026  &    0.021  &    0.011  &    0.008  \\
&(   0.007 )&(   0.008 )&(   0.008 )&(   0.008 ) \\
&[   3.847 ]&[   2.433 ]&[   1.393 ]&[   1.015 ] \\
&    5.432  &    6.161  &    4.736  &    2.627  \\
&    0.143  &    0.104  &    0.192  &    0.453  \\
&    0.029  &    0.001  &    0.008  &    0.008  \\




Sum of the interaction terms


&    0.067  &   -0.144  &   -0.073  &   -0.019  \\
&(   0.044 )&(   0.115 )&(   0.081 )&(   0.071 ) \\
&    0.106  &   -0.122  &   -0.123  &   -0.179  \\
&(   0.033 )&(   0.072 )&(   0.068 )&(   0.057 ) \\
&    0.037  &   -0.220  &   -0.119  &   -0.134  \\
&(   0.054 )&(   0.192 )&(   0.054 )&(   0.056 ) \\
&    0.031  &   -0.030  &   -0.067  &   -0.090  \\
&(   0.036 )&(   0.043 )&(   0.061 )&(   0.057 ) \\
&    0.065  &   -0.064  &   -0.099  &   -0.101  \\
&(   0.023 )&(   0.036 )&(   0.042 )&(   0.041 ) \\
&[   2.824 ]&[  -1.771 ]&[  -2.341 ]&[  -2.435 ] \\
&    3.086  &    3.750  &    0.722  &    5.680  \\
&    0.379  &    0.290  &    0.868  &    0.128  \\
&    0.060  &   -0.129  &   -0.095  &   -0.106  \\




sum of the dummies


&    0.064  &    0.025  &    0.038  &    0.048  \\
&(   0.006 )&(   0.027 )&(   0.015 )&(   0.011 ) \\
&    0.068  &    0.045  &    0.045  &    0.039  \\
&(   0.006 )&(   0.011 )&(   0.010 )&(   0.010 ) \\
&    0.094  &    0.030  &    0.056  &    0.052  \\
&(   0.011 )&(   0.046 )&(   0.010 )&(   0.008 ) \\
&    0.097  &    0.079  &    0.068  &    0.061  \\
&(   0.009 )&(   0.011 )&(   0.016 )&(   0.017 ) \\
&    0.070  &    0.064  &    0.052  &    0.052  \\
&(   0.005 )&(   0.007 )&(   0.007 )&(   0.006 ) \\
&[  14.817 ]&[   8.481 ]&[   7.600 ]&[   8.290 ] \\
&   15.722  &    9.469  &    3.230  &    2.760  \\
&    0.001  &    0.024  &    0.358  &    0.430  \\
&    0.081  &    0.045  &    0.052  &    0.050  \\


&    0.285  &    0.481  &    0.434  &    0.464  \\
&(   0.045 )&(   0.104 )&(   0.112 )&(   0.099 ) \\
&    0.252  &    0.393  &    0.393  &    0.506  \\
&(   0.045 )&(   0.093 )&(   0.089 )&(   0.077 ) \\
&    0.281  &    0.511  &    0.443  &    0.466  \\
&(   0.043 )&(   0.128 )&(   0.062 )&(   0.061 ) \\
&    0.239  &    0.312  &    0.315  &    0.372  \\
&(   0.045 )&(   0.056 )&(   0.070 )&(   0.058 ) \\
&    0.265  &    0.370  &    0.391  &    0.436  \\
&(   0.031 )&(   0.045 )&(   0.046 )&(   0.042 ) \\
&[   8.605 ]&[   8.311 ]&[   8.453 ]&[  10.472 ] \\
&    1.453  &    4.410  &    2.564  &    2.659  \\
&    0.693  &    0.221  &    0.464  &    0.447  \\
&    0.264  &    0.424  &    0.396  &    0.452  \\


 &    0.431  &    0.438  &    0.500  \\
 &(   0.060 )&(   0.060 )&(   0.065 ) \\
 &    0.470  &    0.472  &    0.514  \\
 &(   0.058 )&(   0.053 )&(   0.050 ) \\
 &    0.451  &    0.549  &    0.579  \\
 &(   0.072 )&(   0.045 )&(   0.046 ) \\
 &    0.617  &    0.557  &    0.546  \\
 &(   0.060 )&(   0.073 )&(   0.070 ) \\
 &    0.521  &    0.528  &    0.547  \\
 &(   0.047 )&(   0.041 )&(   0.041 ) \\
 &[  11.002 ]&[  12.934 ]&[  13.240 ] \\
 &    6.905  &    5.036  &    3.225  \\
 &    0.075  &    0.169  &    0.358  \\
 &    0.492  &    0.504  &    0.535  \\


 &    1.302  &    3.021  \\
 &    0.004  &    4.030  \\
 &    0.680  &    7.301  \\
 &    3.109  &    4.480  \\


 &    0.522  &    0.697  \\
 &    0.998  &    0.545  \\
 &    0.712  &    0.199  \\
 &    0.211  &    0.483  \\


&    0.044  &    0.002  &    0.001  &    0.000  &    0.070  &    0.064  &    0.052  &    0.052  \\
&(   0.007 )&(   0.011 )&(   0.011 )&(   0.011 )&(   0.005 )&(   0.007 )&(   0.007 )&(   0.006 ) \\


&    0.243  &    0.141  &    0.087  &    0.071  &    0.065  &   -0.064  &   -0.099  &   -0.101  \\
&(   0.041 )&(   0.046 )&(   0.041 )&(   0.040 )&(   0.023 )&(   0.036 )&(   0.042 )&(   0.041 ) \\


&    0.012  &    0.038  &    0.041  &    0.047  \\
&(   0.002 )&(   0.003 )&(   0.003 )&(   0.002 ) \\


 &    0.370  &    0.391  &    0.436  &    0.521  &    0.528  &    0.547  \\
)&(   0.045 )&(   0.046 )&(   0.042 )&(   0.047 )&(   0.041 )&(   0.041 ) \\


-------------------------------------------------------------------------------
-------------------------------------------------------------------------------
-------------------------------------------------------------------------------
-------------------------------------------------------------------------------
-------------------------------------------------------------------------------
With Straight-Up
Dividend and Size Dummies


&    0.056  &   -0.012  &    0.021  &    0.031  \\
&(   0.011 )&(   0.032 )&(   0.017 )&(   0.013 ) \\
&    0.075  &    0.006  &    0.006  &   -0.006  \\
&(   0.010 )&(   0.020 )&(   0.015 )&(   0.014 ) \\
&    0.052  &   -0.014  &    0.007  &    0.015  \\
&(   0.015 )&(   0.038 )&(   0.013 )&(   0.010 ) \\
&    0.063  &    0.051  &    0.058  &    0.043  \\
&(   0.013 )&(   0.014 )&(   0.013 )&(   0.017 ) \\
&    0.064  &    0.025  &    0.025  &    0.018  \\
&(   0.008 )&(   0.010 )&(   0.008 )&(   0.007 ) \\
&[   8.428 ]&[   2.608 ]&[   3.012 ]&[   2.442 ] \\
&    3.305  &    9.323  &   11.531  &    6.855  \\
&    0.347  &    0.025  &    0.009  &    0.077  \\
&    0.062  &    0.008  &    0.023  &    0.021  \\


&    0.012  &    0.048  &    0.031  &    0.025  \\
&(   0.003 )&(   0.015 )&(   0.007 )&(   0.005 ) \\
&    0.010  &    0.043  &    0.043  &    0.048  \\
&(   0.003 )&(   0.008 )&(   0.006 )&(   0.007 ) \\
&    0.012  &    0.061  &    0.045  &    0.040  \\
&(   0.004 )&(   0.026 )&(   0.006 )&(   0.003 ) \\
&    0.014  &    0.033  &    0.022  &    0.046  \\
&(   0.004 )&(   0.008 )&(   0.007 )&(   0.012 ) \\
&    0.012  &    0.041  &    0.039  &    0.038  \\
&(   0.002 )&(   0.003 )&(   0.003 )&(   0.002 ) \\
&[   5.649 ]&[  12.065 ]&[  11.550 ]&[  17.594 ] \\
&    0.747  &    2.154  &    7.465  &    7.973  \\
&    0.862  &    0.541  &    0.058  &    0.047  \\
&    0.012  &    0.046  &    0.035  &    0.040  \\


&    0.254  &    0.128  &    0.188  &    0.207  \\
&(   0.105 )&(   0.143 )&(   0.112 )&(   0.106 ) \\
&    0.077  &    0.039  &    0.039  &    0.033  \\
&(   0.046 )&(   0.038 )&(   0.037 )&(   0.048 ) \\
&    0.151  &   -0.067  &    0.004  &    0.028  \\
&(   0.063 )&(   0.151 )&(   0.062 )&(   0.042 ) \\
&    0.208  &    0.071  &    0.149  &   -0.020  \\
&(   0.054 )&(   0.066 )&(   0.072 )&(   0.084 ) \\
&    0.132  &    0.037  &    0.050  &    0.039  \\
&(   0.034 )&(   0.033 )&(   0.032 )&(   0.031 ) \\
&[   3.909 ]&[   1.126 ]&[   1.557 ]&[   1.235 ] \\
&    7.308  &    0.915  &    3.645  &    3.119  \\
&    0.063  &    0.822  &    0.302  &    0.374  \\
&    0.172  &    0.043  &    0.095  &    0.062  \\


&   -0.126  &   -0.279  &   -0.205  &   -0.182  \\
&(   0.104 )&(   0.082 )&(   0.093 )&(   0.097 ) \\
&    0.071  &   -0.175  &   -0.175  &   -0.216  \\
&(   0.050 )&(   0.070 )&(   0.059 )&(   0.056 ) \\
&   -0.044  &   -0.225  &   -0.166  &   -0.146  \\
&(   0.062 )&(   0.110 )&(   0.045 )&(   0.042 ) \\
&   -0.063  &   -0.062  &   -0.063  &   -0.061  \\
&(   0.048 )&(   0.049 )&(   0.046 )&(   0.059 ) \\
&   -0.008  &   -0.133  &   -0.125  &   -0.142  \\
&(   0.035 )&(   0.036 )&(   0.031 )&(   0.035 ) \\
&[  -0.236 ]&[  -3.704 ]&[  -4.005 ]&[  -4.104 ] \\
&    7.545  &    7.376  &    4.027  &    4.325  \\
&    0.056  &    0.061  &    0.259  &    0.228  \\
&   -0.040  &   -0.185  &   -0.152  &   -0.151  \\


&   -0.101  &   -0.050  &   -0.074  &   -0.082  \\
&(   0.113 )&(   0.118 )&(   0.107 )&(   0.109 ) \\
&    0.013  &    0.023  &    0.023  &    0.024  \\
&(   0.050 )&(   0.042 )&(   0.042 )&(   0.049 ) \\
&   -0.069  &    0.169  &    0.092  &    0.065  \\
&(   0.060 )&(   0.140 )&(   0.060 )&(   0.044 ) \\
&   -0.128  &   -0.011  &   -0.078  &    0.066  \\
&(   0.058 )&(   0.067 )&(   0.062 )&(   0.094 ) \\
&   -0.050  &    0.024  &    0.008  &    0.038  \\
&(   0.035 )&(   0.035 )&(   0.034 )&(   0.034 ) \\
&[  -1.424 ]&[   0.665 ]&[   0.233 ]&[   1.113 ] \\
&    4.276  &    1.616  &    6.290  &    1.860  \\
&    0.233  &    0.656  &    0.098  &    0.602  \\
&   -0.071  &    0.033  &   -0.009  &    0.018  \\


&    0.003  &    0.046  &    0.026  &    0.019  \\
&(   0.011 )&(   0.023 )&(   0.014 )&(   0.012 ) \\
&   -0.015  &    0.035  &    0.035  &    0.044  \\
&(   0.010 )&(   0.018 )&(   0.014 )&(   0.014 ) \\
&    0.021  &    0.062  &    0.049  &    0.044  \\
&(   0.017 )&(   0.026 )&(   0.013 )&(   0.012 ) \\
&    0.012  &    0.014  &    0.013  &    0.016  \\
&(   0.013 )&(   0.013 )&(   0.012 )&(   0.015 ) \\
&    0.000  &    0.031  &    0.029  &    0.031  \\
&(   0.008 )&(   0.010 )&(   0.009 )&(   0.009 ) \\
&[   0.017 ]&[   3.255 ]&[   3.410 ]&[   3.659 ] \\
&    5.286  &    3.944  &    4.715  &    4.632  \\
&    0.152  &    0.268  &    0.194  &    0.201  \\
&    0.005  &    0.040  &    0.031  &    0.031  \\


&    0.002  &    0.004  &    0.003  &    0.003  \\
&(   0.018 )&(   0.016 )&(   0.015 )&(   0.015 ) \\
&   -0.007  &   -0.003  &   -0.003  &   -0.002  \\
&(   0.012 )&(   0.011 )&(   0.011 )&(   0.012 ) \\
&    0.009  &   -0.038  &   -0.023  &   -0.017  \\
&(   0.017 )&(   0.029 )&(   0.016 )&(   0.013 ) \\
&    0.015  &   -0.014  &    0.002  &   -0.034  \\
&(   0.015 )&(   0.018 )&(   0.018 )&(   0.022 ) \\
&    0.003  &   -0.008  &   -0.002  &   -0.008  \\
&(   0.009 )&(   0.009 )&(   0.009 )&(   0.008 ) \\
&[   0.365 ]&[  -0.876 ]&[  -0.280 ]&[  -0.923 ] \\
&    1.704  &    2.575  &    2.655  &    2.650  \\
&    0.636  &    0.462  &    0.448  &    0.449  \\
&    0.005  &   -0.013  &   -0.005  &   -0.012  \\




Sum of the interaction terms


&    0.027  &   -0.201  &   -0.091  &   -0.057  \\
&(   0.113 )&(   0.131 )&(   0.112 )&(   0.099 ) \\
&    0.160  &   -0.114  &   -0.114  &   -0.160  \\
&(   0.057 )&(   0.079 )&(   0.067 )&(   0.068 ) \\
&    0.038  &   -0.124  &   -0.071  &   -0.053  \\
&(   0.067 )&(   0.112 )&(   0.047 )&(   0.043 ) \\
&    0.017  &   -0.002  &    0.008  &   -0.015  \\
&(   0.043 )&(   0.041 )&(   0.041 )&(   0.048 ) \\
&    0.058  &   -0.046  &   -0.037  &   -0.050  \\
&(   0.033 )&(   0.033 )&(   0.029 )&(   0.032 ) \\
&[   1.773 ]&[  -1.387 ]&[  -1.258 ]&[  -1.565 ] \\
&    5.061  &    5.233  &    3.343  &    3.548  \\
&    0.167  &    0.156  &    0.342  &    0.315  \\
&    0.061  &   -0.110  &   -0.067  &   -0.071  \\




sum of the dummies


&    0.062  &    0.038  &    0.050  &    0.053  \\
&(   0.016 )&(   0.022 )&(   0.015 )&(   0.016 ) \\
&    0.053  &    0.039  &    0.039  &    0.036  \\
&(   0.012 )&(   0.013 )&(   0.013 )&(   0.014 ) \\
&    0.083  &    0.010  &    0.034  &    0.042  \\
&(   0.018 )&(   0.040 )&(   0.018 )&(   0.014 ) \\
&    0.089  &    0.051  &    0.073  &    0.025  \\
&(   0.014 )&(   0.019 )&(   0.019 )&(   0.026 ) \\
&    0.069  &    0.038  &    0.046  &    0.042  \\
&(   0.009 )&(   0.010 )&(   0.010 )&(   0.009 ) \\
&[   7.866 ]&[   3.774 ]&[   4.846 ]&[   4.786 ] \\
&    5.590  &    0.640  &    3.694  &    1.072  \\
&    0.133  &    0.887  &    0.296  &    0.784  \\
&    0.072  &    0.035  &    0.049  &    0.039  \\


&    0.276  &    0.484  &    0.429  &    0.431  \\
&(   0.046 )&(   0.094 )&(   0.109 )&(   0.106 ) \\
&    0.239  &    0.401  &    0.410  &    0.456  \\
&(   0.042 )&(   0.096 )&(   0.091 )&(   0.088 ) \\
&    0.262  &    0.482  &    0.453  &    0.460  \\
&(   0.043 )&(   0.113 )&(   0.070 )&(   0.070 ) \\
&    0.241  &    0.310  &    0.250  &    0.336  \\
&(   0.043 )&(   0.056 )&(   0.048 )&(   0.060 ) \\
&    0.253  &    0.369  &    0.318  &    0.400  \\
&(   0.030 )&(   0.045 )&(   0.040 )&(   0.046 ) \\
&[   8.354 ]&[   8.267 ]&[   8.004 ]&[   8.795 ] \\
&    0.698  &    4.109  &    8.340  &    2.960  \\
&    0.874  &    0.250  &    0.039  &    0.398  \\
&    0.255  &    0.419  &    0.386  &    0.421  \\


 &    0.427  &    0.466  &    0.510  \\
 &(   0.064 )&(   0.071 )&(   0.068 ) \\
 &    0.463  &    0.480  &    0.493  \\
 &(   0.058 )&(   0.053 )&(   0.052 ) \\
 &    0.482  &    0.567  &    0.620  \\
 &(   0.072 )&(   0.049 )&(   0.044 ) \\
 &    0.601  &    0.618  &    0.586  \\
 &(   0.060 )&(   0.073 )&(   0.071 ) \\
 &    0.511  &    0.542  &    0.576  \\
 &(   0.049 )&(   0.044 )&(   0.041 ) \\
 &[  10.395 ]&[  12.443 ]&[  14.210 ] \\
 &    6.707  &    5.677  &    8.766  \\
 &    0.082  &    0.128  &    0.033  \\
 &    0.493  &    0.533  &    0.552  \\


 &    1.641  &    3.609  \\
 &    0.485  &    2.589  \\
 &    1.236  &    4.982  \\
 &    3.038  &    4.622  \\


 &    0.440  &    0.607  \\
 &    0.785  &    0.763  \\
 &    0.539  &    0.418  \\
 &    0.219  &    0.464  \\


&    0.064  &    0.025  &    0.025  &    0.018  &    0.069  &    0.038  &    0.046  &    0.042  \\
&(   0.008 )&(   0.010 )&(   0.008 )&(   0.007 )&(   0.009 )&(   0.010 )&(   0.010 )&(   0.009 ) \\


&    0.132  &    0.037  &    0.050  &    0.039  &    0.058  &   -0.046  &   -0.037  &   -0.050  \\
&(   0.034 )&(   0.033 )&(   0.032 )&(   0.031 )&(   0.033 )&(   0.033 )&(   0.029 )&(   0.032 ) \\


&    0.012  &    0.041  &    0.039  &    0.038  \\
&(   0.002 )&(   0.003 )&(   0.003 )&(   0.002 ) \\


 &    0.369  &    0.318  &    0.400  &    0.511  &    0.542  &    0.576  \\
)&(   0.045 )&(   0.040 )&(   0.046 )&(   0.049 )&(   0.044 )&(   0.041 ) \\


-------------------------------------------------------------------------------
-------------------------------------------------------------------------------
-------------------------------------------------------------------------------
-------------------------------------------------------------------------------
-------------------------------------------------------------------------------
With Straight-Up
Bond and Size Dummies


&    0.046  &    0.037  &    0.038  &    0.041  \\
&(   0.008 )&(   0.008 )&(   0.009 )&(   0.009 ) \\
&    0.048  &    0.036  &    0.036  &    0.033  \\
&(   0.007 )&(   0.009 )&(   0.009 )&(   0.009 ) \\
&    0.046  &    0.031  &    0.036  &    0.044  \\
&(   0.006 )&(   0.015 )&(   0.008 )&(   0.006 ) \\
&    0.059  &    0.036  &    0.026  &    0.022  \\
&(   0.011 )&(   0.010 )&(   0.011 )&(   0.011 ) \\
&    0.048  &    0.035  &    0.035  &    0.040  \\
&(   0.005 )&(   0.006 )&(   0.006 )&(   0.005 ) \\
&[   9.439 ]&[   6.232 ]&[   5.803 ]&[   7.566 ] \\
&    1.526  &    0.157  &    0.910  &    5.113  \\
&    0.676  &    0.984  &    0.823  &    0.164  \\
&    0.050  &    0.035  &    0.034  &    0.035  \\


&    0.010  &    0.040  &    0.038  &    0.029  \\
&(   0.003 )&(   0.011 )&(   0.008 )&(   0.006 ) \\
&    0.010  &    0.035  &    0.035  &    0.041  \\
&(   0.003 )&(   0.008 )&(   0.008 )&(   0.004 ) \\
&    0.010  &    0.063  &    0.045  &    0.017  \\
&(   0.003 )&(   0.044 )&(   0.012 )&(   0.003 ) \\
&    0.015  &    0.039  &    0.050  &    0.055  \\
&(   0.004 )&(   0.010 )&(   0.010 )&(   0.008 ) \\
&    0.011  &    0.040  &    0.039  &    0.029  \\
&(   0.002 )&(   0.004 )&(   0.004 )&(   0.002 ) \\
&[   5.284 ]&[   9.974 ]&[   9.454 ]&[  12.955 ] \\
&    1.557  &    0.703  &    2.187  &   32.685  \\
&    0.669  &    0.872  &    0.534  &    0.000  \\
&    0.011  &    0.044  &    0.042  &    0.035  \\


&    0.251  &   -0.079  &   -0.056  &    0.051  \\
&(   0.071 )&(   0.165 )&(   0.116 )&(   0.089 ) \\
&    0.223  &   -0.023  &   -0.030  &   -0.083  \\
&(   0.057 )&(   0.100 )&(   0.101 )&(   0.072 ) \\
&    0.232  &   -0.285  &   -0.111  &    0.161  \\
&(   0.046 )&(   0.432 )&(   0.125 )&(   0.048 ) \\
&    0.188  &    0.058  &    0.001  &   -0.025  \\
&(   0.065 )&(   0.066 )&(   0.072 )&(   0.069 ) \\
&    0.224  &    0.011  &   -0.030  &    0.086  \\
&(   0.038 )&(   0.048 )&(   0.057 )&(   0.042 ) \\
&[   5.951 ]&[   0.218 ]&[  -0.531 ]&[   2.047 ] \\
&    0.621  &    1.644  &    0.788  &   16.527  \\
&    0.892  &    0.650  &    0.852  &    0.001  \\
&    0.224  &   -0.082  &   -0.049  &    0.026  \\


&   -0.133  &    0.081  &    0.066  &   -0.003  \\
&(   0.085 )&(   0.134 )&(   0.111 )&(   0.090 ) \\
&   -0.154  &    0.019  &    0.023  &    0.061  \\
&(   0.060 )&(   0.084 )&(   0.088 )&(   0.083 ) \\
&   -0.138  &    0.106  &    0.023  &   -0.105  \\
&(   0.044 )&(   0.229 )&(   0.098 )&(   0.037 ) \\
&   -0.076  &   -0.170  &   -0.211  &   -0.230  \\
&(   0.064 )&(   0.062 )&(   0.066 )&(   0.067 ) \\
&   -0.128  &   -0.106  &   -0.089  &   -0.110  \\
&(   0.039 )&(   0.049 )&(   0.052 )&(   0.036 ) \\
&[  -3.308 ]&[  -2.154 ]&[  -1.722 ]&[  -3.104 ] \\
&    1.129  &    8.907  &    9.400  &    9.829  \\
&    0.770  &    0.031  &    0.024  &    0.020  \\
&   -0.125  &    0.009  &   -0.025  &   -0.069  \\


&    0.013  &    0.051  &    0.048  &    0.036  \\
&(   0.103 )&(   0.104 )&(   0.099 )&(   0.097 ) \\
&    0.032  &    0.055  &    0.056  &    0.061  \\
&(   0.047 )&(   0.051 )&(   0.051 )&(   0.060 ) \\
&   -0.022  &    0.220  &    0.138  &    0.012  \\
&(   0.042 )&(   0.227 )&(   0.096 )&(   0.041 ) \\
&   -0.049  &    0.150  &    0.237  &    0.277  \\
&(   0.065 )&(   0.111 )&(   0.115 )&(   0.110 ) \\
&   -0.005  &    0.089  &    0.088  &    0.036  \\
&(   0.032 )&(   0.044 )&(   0.045 )&(   0.036 ) \\
&[  -0.148 ]&[   2.018 ]&[   1.969 ]&[   1.013 ] \\
&    1.340  &    2.254  &    2.466  &    6.445  \\
&    0.720  &    0.521  &    0.482  &    0.092  \\
&   -0.006  &    0.119  &    0.120  &    0.096  \\


&    0.017  &   -0.017  &   -0.014  &   -0.003  \\
&(   0.012 )&(   0.019 )&(   0.016 )&(   0.012 ) \\
&    0.028  &   -0.002  &   -0.003  &   -0.009  \\
&(   0.010 )&(   0.014 )&(   0.015 )&(   0.015 ) \\
&    0.038  &   -0.011  &    0.005  &    0.031  \\
&(   0.010 )&(   0.050 )&(   0.023 )&(   0.008 ) \\
&    0.029  &    0.054  &    0.065  &    0.071  \\
&(   0.016 )&(   0.016 )&(   0.017 )&(   0.016 ) \\
&    0.029  &    0.018  &    0.015  &    0.024  \\
&(   0.007 )&(   0.009 )&(   0.009 )&(   0.007 ) \\
&[   3.956 ]&[   1.937 ]&[   1.549 ]&[   3.552 ] \\
&    2.294  &   13.344  &   14.133  &   18.603  \\
&    0.514  &    0.004  &    0.003  &    0.000  \\
&    0.028  &    0.006  &    0.013  &    0.022  \\


&   -0.007  &   -0.014  &   -0.013  &   -0.011  \\
&(   0.018 )&(   0.016 )&(   0.015 )&(   0.015 ) \\
&   -0.009  &   -0.013  &   -0.013  &   -0.014  \\
&(   0.011 )&(   0.012 )&(   0.012 )&(   0.014 ) \\
&   -0.012  &   -0.065  &   -0.047  &   -0.019  \\
&(   0.012 )&(   0.049 )&(   0.024 )&(   0.012 ) \\
&   -0.011  &   -0.063  &   -0.086  &   -0.097  \\
&(   0.016 )&(   0.030 )&(   0.028 )&(   0.026 ) \\
&   -0.010  &   -0.021  &   -0.021  &   -0.019  \\
&(   0.008 )&(   0.010 )&(   0.010 )&(   0.009 ) \\
&[  -1.261 ]&[  -2.110 ]&[  -2.083 ]&[  -2.166 ] \\
&    0.057  &    6.916  &    7.802  &   10.517  \\
&    0.996  &    0.075  &    0.050  &    0.015  \\
&   -0.010  &   -0.039  &   -0.040  &   -0.035  \\




Sum of the interaction terms


&    0.131  &    0.053  &    0.059  &    0.084  \\
&(   0.096 )&(   0.101 )&(   0.098 )&(   0.086 ) \\
&    0.101  &    0.051  &    0.049  &    0.039  \\
&(   0.037 )&(   0.032 )&(   0.032 )&(   0.032 ) \\
&    0.073  &    0.040  &    0.051  &    0.068  \\
&(   0.032 )&(   0.056 )&(   0.030 )&(   0.029 ) \\
&    0.062  &    0.038  &    0.027  &    0.022  \\
&(   0.027 )&(   0.037 )&(   0.047 )&(   0.051 ) \\
&    0.072  &    0.045  &    0.048  &    0.052  \\
&(   0.021 )&(   0.022 )&(   0.021 )&(   0.021 ) \\
&[   3.477 ]&[   2.027 ]&[   2.324 ]&[   2.510 ] \\
&    1.296  &    0.080  &    0.325  &    1.049  \\
&    0.730  &    0.994  &    0.955  &    0.789  \\
&    0.092  &    0.045  &    0.047  &    0.053  \\




sum of the dummies


&    0.056  &    0.006  &    0.010  &    0.026  \\
&(   0.014 )&(   0.020 )&(   0.015 )&(   0.017 ) \\
&    0.067  &    0.021  &    0.020  &    0.010  \\
&(   0.008 )&(   0.018 )&(   0.017 )&(   0.011 ) \\
&    0.072  &   -0.045  &   -0.006  &    0.056  \\
&(   0.008 )&(   0.093 )&(   0.032 )&(   0.011 ) \\
&    0.077  &    0.027  &    0.006  &   -0.004  \\
&(   0.011 )&(   0.027 )&(   0.024 )&(   0.022 ) \\
&    0.069  &    0.012  &    0.013  &    0.031  \\
&(   0.006 )&(   0.009 )&(   0.010 )&(   0.008 ) \\
&[  11.127 ]&[   1.258 ]&[   1.338 ]&[   4.075 ] \\
&    1.885  &    0.667  &    0.613  &   13.341  \\
&    0.597  &    0.881  &    0.893  &    0.004  \\
&    0.068  &    0.002  &    0.007  &    0.022  \\


&    0.272  &    0.417  &    0.409  &    0.460  \\
&(   0.036 )&(   0.109 )&(   0.119 )&(   0.100 ) \\
&    0.253  &    0.381  &    0.371  &    0.442  \\
&(   0.046 )&(   0.101 )&(   0.087 )&(   0.079 ) \\
&    0.274  &    0.474  &    0.453  &    0.346  \\
&(   0.046 )&(   0.144 )&(   0.065 )&(   0.055 ) \\
&    0.241  &    0.329  &    0.338  &    0.394  \\
&(   0.041 )&(   0.065 )&(   0.077 )&(   0.060 ) \\
&    0.260  &    0.366  &    0.395  &    0.389  \\
&(   0.028 )&(   0.050 )&(   0.048 )&(   0.041 ) \\
&[   9.376 ]&[   7.353 ]&[   8.243 ]&[   9.436 ] \\
&    0.750  &    1.214  &    2.009  &    2.051  \\
&    0.861  &    0.750  &    0.571  &    0.562  \\
&    0.260  &    0.400  &    0.393  &    0.411  \\


 &    0.447  &    0.433  &    0.494  \\
 &(   0.058 )&(   0.060 )&(   0.060 ) \\
 &    0.457  &    0.464  &    0.483  \\
 &(   0.056 )&(   0.054 )&(   0.055 ) \\
 &    0.446  &    0.520  &    0.742  \\
 &(   0.073 )&(   0.054 )&(   0.062 ) \\
 &    0.587  &    0.580  &    0.599  \\
 &(   0.057 )&(   0.061 )&(   0.061 ) \\
 &    0.516  &    0.505  &    0.587  \\
 &(   0.047 )&(   0.043 )&(   0.041 ) \\
 &[  10.868 ]&[  11.728 ]&[  14.347 ] \\
 &    7.707  &    4.060  &   14.153  \\
 &    0.052  &    0.255  &    0.003  \\
 &    0.484  &    0.499  &    0.579  \\


 &    1.158  &    3.766  \\
 &    0.189  &    2.287  \\
 &    1.515  &    5.293  \\
 &    2.213  &    4.182  \\


 &    0.560  &    0.584  \\
 &    0.910  &    0.808  \\
 &    0.469  &    0.381  \\
 &    0.331  &    0.523  \\


&    0.048  &    0.035  &    0.035  &    0.040  &    0.069  &    0.012  &    0.013  &    0.031  \\
&(   0.005 )&(   0.006 )&(   0.006 )&(   0.005 )&(   0.006 )&(   0.009 )&(   0.010 )&(   0.008 ) \\


&    0.224  &    0.011  &   -0.030  &    0.086  &    0.072  &    0.045  &    0.048  &    0.052  \\
&(   0.038 )&(   0.048 )&(   0.057 )&(   0.042 )&(   0.021 )&(   0.022 )&(   0.021 )&(   0.021 ) \\


&    0.011  &    0.040  &    0.039  &    0.029  \\
&(   0.002 )&(   0.004 )&(   0.004 )&(   0.002 ) \\


 &    0.366  &    0.395  &    0.389  &    0.516  &    0.505  &    0.587  \\
)&(   0.050 )&(   0.048 )&(   0.041 )&(   0.047 )&(   0.043 )&(   0.041 ) \\


-------------------------------------------------------------------------------
-------------------------------------------------------------------------------
-------------------------------------------------------------------------------
-------------------------------------------------------------------------------
-------------------------------------------------------------------------------
With Straight-Up
Dividend Dummy


&    0.058  &   -0.017  &    0.024  &    0.035  \\
&(   0.010 )&(   0.039 )&(   0.018 )&(   0.017 ) \\
&    0.071  &    0.004  &    0.006  &   -0.005  \\
&(   0.007 )&(   0.019 )&(   0.014 )&(   0.011 ) \\
&    0.056  &   -0.033  &   -0.009  &   -0.012  \\
&(   0.008 )&(   0.036 )&(   0.012 )&(   0.010 ) \\
&    0.074  &    0.046  &    0.021  &    0.011  \\
&(   0.010 )&(   0.018 )&(   0.027 )&(   0.025 ) \\
&    0.065  &    0.010  &    0.003  &   -0.003  \\
&(   0.006 )&(   0.010 )&(   0.010 )&(   0.008 ) \\
&[  11.444 ]&[   0.991 ]&[   0.260 ]&[  -0.362 ] \\
&    4.709  &    8.224  &    3.818  &    7.998  \\
&    0.194  &    0.042  &    0.282  &    0.046  \\
&    0.065  &    0.000  &    0.010  &    0.007  \\


&    0.013  &    0.052  &    0.030  &    0.024  \\
&(   0.003 )&(   0.019 )&(   0.008 )&(   0.005 ) \\
&    0.010  &    0.043  &    0.042  &    0.048  \\
&(   0.003 )&(   0.008 )&(   0.006 )&(   0.004 ) \\
&    0.014  &    0.057  &    0.045  &    0.047  \\
&(   0.004 )&(   0.019 )&(   0.004 )&(   0.003 ) \\
&    0.017  &    0.032  &    0.045  &    0.050  \\
&(   0.003 )&(   0.006 )&(   0.012 )&(   0.010 ) \\
&    0.014  &    0.040  &    0.042  &    0.044  \\
&(   0.002 )&(   0.003 )&(   0.003 )&(   0.002 ) \\
&[   6.513 ]&[  12.406 ]&[  15.432 ]&[  21.792 ] \\
&    2.809  &    3.813  &    3.654  &   18.152  \\
&    0.422  &    0.282  &    0.301  &    0.000  \\
&    0.013  &    0.046  &    0.041  &    0.042  \\


&    0.184  &    0.083  &    0.138  &    0.154  \\
&(   0.092 )&(   0.122 )&(   0.092 )&(   0.081 ) \\
&    0.083  &    0.050  &    0.051  &    0.046  \\
&(   0.035 )&(   0.027 )&(   0.026 )&(   0.030 ) \\
&    0.105  &    0.048  &    0.063  &    0.061  \\
&(   0.023 )&(   0.052 )&(   0.029 )&(   0.030 ) \\
&    0.095  &    0.067  &    0.042  &    0.033  \\
&(   0.031 )&(   0.037 )&(   0.048 )&(   0.054 ) \\
&    0.096  &    0.054  &    0.058  &    0.059  \\
&(   0.020 )&(   0.020 )&(   0.018 )&(   0.020 ) \\
&[   4.718 ]&[   2.678 ]&[   3.224 ]&[   2.958 ] \\
&    1.492  &    0.229  &    1.338  &    2.041  \\
&    0.684  &    0.973  &    0.720  &    0.564  \\
&    0.117  &    0.062  &    0.074  &    0.073  \\


&   -0.072  &   -0.272  &   -0.162  &   -0.132  \\
&(   0.092 )&(   0.105 )&(   0.087 )&(   0.101 ) \\
&    0.066  &   -0.186  &   -0.179  &   -0.220  \\
&(   0.045 )&(   0.073 )&(   0.064 )&(   0.051 ) \\
&   -0.031  &   -0.258  &   -0.197  &   -0.204  \\
&(   0.054 )&(   0.101 )&(   0.052 )&(   0.051 ) \\
&   -0.016  &   -0.056  &   -0.092  &   -0.105  \\
&(   0.048 )&(   0.055 )&(   0.078 )&(   0.080 ) \\
&    0.015  &   -0.142  &   -0.170  &   -0.191  \\
&(   0.034 )&(   0.036 )&(   0.043 )&(   0.040 ) \\
&[   0.437 ]&[  -3.962 ]&[  -3.989 ]&[  -4.712 ] \\
&    3.844  &    6.117  &    1.747  &    2.276  \\
&    0.279  &    0.106  &    0.626  &    0.517  \\
&   -0.013  &   -0.193  &   -0.157  &   -0.165  \\


&    0.001  &    0.049  &    0.023  &    0.015  \\
&(   0.011 )&(   0.028 )&(   0.015 )&(   0.015 ) \\
&   -0.012  &    0.037  &    0.035  &    0.044  \\
&(   0.009 )&(   0.017 )&(   0.014 )&(   0.012 ) \\
&    0.020  &    0.072  &    0.058  &    0.060  \\
&(   0.014 )&(   0.022 )&(   0.014 )&(   0.014 ) \\
&    0.007  &    0.020  &    0.031  &    0.036  \\
&(   0.012 )&(   0.015 )&(   0.019 )&(   0.019 ) \\
&   -0.002  &    0.041  &    0.038  &    0.039  \\
&(   0.007 )&(   0.010 )&(   0.011 )&(   0.010 ) \\
&[  -0.245 ]&[   4.281 ]&[   3.514 ]&[   3.892 ] \\
&    4.956  &    3.744  &    5.963  &    6.537  \\
&    0.175  &    0.291  &    0.113  &    0.088  \\
&    0.004  &    0.044  &    0.037  &    0.039  \\




Sum of the interaction terms


&    0.112  &   -0.189  &   -0.024  &    0.022  \\
&(   0.035 )&(   0.150 )&(   0.071 )&(   0.055 ) \\
&    0.149  &   -0.136  &   -0.127  &   -0.175  \\
&(   0.038 )&(   0.081 )&(   0.068 )&(   0.057 ) \\
&    0.074  &   -0.210  &   -0.133  &   -0.143  \\
&(   0.055 )&(   0.131 )&(   0.049 )&(   0.046 ) \\
&    0.079  &    0.011  &   -0.049  &   -0.072  \\
&(   0.033 )&(   0.041 )&(   0.066 )&(   0.061 ) \\
&    0.106  &   -0.044  &   -0.098  &   -0.088  \\
&(   0.024 )&(   0.032 )&(   0.040 )&(   0.037 ) \\
&[   4.510 ]&[  -1.370 ]&[  -2.425 ]&[  -2.374 ] \\
&    2.737  &    7.598  &    3.009  &   10.981  \\
&    0.434  &    0.055  &    0.390  &    0.012  \\
&    0.103  &   -0.131  &   -0.083  &   -0.092  \\




sum of the dummies


&    0.059  &    0.032  &    0.047  &    0.051  \\
&(   0.005 )&(   0.021 )&(   0.008 )&(   0.005 ) \\
&    0.059  &    0.041  &    0.041  &    0.038  \\
&(   0.005 )&(   0.008 )&(   0.008 )&(   0.008 ) \\
&    0.076  &    0.039  &    0.049  &    0.048  \\
&(   0.008 )&(   0.019 )&(   0.007 )&(   0.006 ) \\
&    0.081  &    0.066  &    0.052  &    0.047  \\
&(   0.007 )&(   0.008 )&(   0.014 )&(   0.015 ) \\
&    0.063  &    0.055  &    0.047  &    0.050  \\
&(   0.004 )&(   0.006 )&(   0.005 )&(   0.004 ) \\
&[  15.836 ]&[   9.865 ]&[   9.907 ]&[  12.375 ] \\
&   13.384  &    7.832  &    1.293  &    2.943  \\
&    0.004  &    0.050  &    0.731  &    0.400  \\
&    0.069  &    0.044  &    0.047  &    0.046  \\


&    0.266  &    0.503  &    0.415  &    0.425  \\
&(   0.048 )&(   0.112 )&(   0.109 )&(   0.093 ) \\
&    0.238  &    0.403  &    0.408  &    0.463  \\
&(   0.042 )&(   0.094 )&(   0.091 )&(   0.078 ) \\
&    0.254  &    0.499  &    0.455  &    0.481  \\
&(   0.044 )&(   0.099 )&(   0.079 )&(   0.069 ) \\
&    0.222  &    0.296  &    0.317  &    0.359  \\
&(   0.046 )&(   0.056 )&(   0.070 )&(   0.066 ) \\
&    0.244  &    0.366  &    0.381  &    0.424  \\
&(   0.032 )&(   0.045 )&(   0.050 )&(   0.046 ) \\
&[   7.705 ]&[   8.118 ]&[   7.665 ]&[   9.194 ] \\
&    0.838  &    6.125  &    2.349  &    2.717  \\
&    0.840  &    0.106  &    0.503  &    0.437  \\
&    0.245  &    0.425  &    0.399  &    0.432  \\


 &    0.413  &    0.472  &    0.529  \\
 &(   0.064 )&(   0.073 )&(   0.068 ) \\
 &    0.461  &    0.477  &    0.499  \\
 &(   0.058 )&(   0.053 )&(   0.050 ) \\
 &    0.449  &    0.531  &    0.569  \\
 &(   0.072 )&(   0.048 )&(   0.049 ) \\
 &    0.628  &    0.545  &    0.525  \\
 &(   0.059 )&(   0.075 )&(   0.069 ) \\
 &    0.526  &    0.516  &    0.532  \\
 &(   0.047 )&(   0.043 )&(   0.042 ) \\
 &[  11.265 ]&[  12.120 ]&[  12.630 ] \\
 &    8.673  &    1.759  &    2.539  \\
 &    0.034  &    0.624  &    0.468  \\
 &    0.488  &    0.506  &    0.531  \\


 &    1.369  &    3.078  \\
 &    0.476  &    2.750  \\
 &    0.621  &    7.213  \\
 &    3.307  &    4.666  \\


 &    0.504  &    0.688  \\
 &    0.788  &    0.738  \\
 &    0.733  &    0.205  \\
 &    0.191  &    0.458  \\


&    0.065  &    0.010  &    0.003  &   -0.003  &    0.063  &    0.055  &    0.047  &    0.050  \\
&(   0.006 )&(   0.010 )&(   0.010 )&(   0.008 )&(   0.004 )&(   0.006 )&(   0.005 )&(   0.004 ) \\


&    0.096  &    0.054  &    0.058  &    0.059  &    0.106  &   -0.044  &   -0.098  &   -0.088  \\
&(   0.020 )&(   0.020 )&(   0.018 )&(   0.020 )&(   0.024 )&(   0.032 )&(   0.040 )&(   0.037 ) \\


&    0.014  &    0.040  &    0.042  &    0.044  \\
&(   0.002 )&(   0.003 )&(   0.003 )&(   0.002 ) \\


 &    0.366  &    0.381  &    0.424  &    0.526  &    0.516  &    0.532  \\
)&(   0.045 )&(   0.050 )&(   0.046 )&(   0.047 )&(   0.043 )&(   0.042 ) \\


-------------------------------------------------------------------------------
-------------------------------------------------------------------------------
-------------------------------------------------------------------------------
-------------------------------------------------------------------------------
-------------------------------------------------------------------------------
With Straight-Up
Bond Dummy


&    0.046  &    0.037  &    0.038  &    0.041  \\
&(   0.008 )&(   0.008 )&(   0.009 )&(   0.009 ) \\
&    0.048  &    0.035  &    0.035  &    0.033  \\
&(   0.007 )&(   0.009 )&(   0.009 )&(   0.009 ) \\
&    0.045  &    0.024  &    0.034  &    0.043  \\
&(   0.006 )&(   0.026 )&(   0.008 )&(   0.006 ) \\
&    0.058  &    0.042  &    0.030  &    0.025  \\
&(   0.011 )&(   0.010 )&(   0.010 )&(   0.008 ) \\
&    0.048  &    0.037  &    0.035  &    0.039  \\
&(   0.005 )&(   0.006 )&(   0.006 )&(   0.005 ) \\
&[   9.426 ]&[   6.320 ]&[   5.774 ]&[   7.574 ] \\
&    1.430  &    0.415  &    0.392  &    5.757  \\
&    0.698  &    0.937  &    0.942  &    0.124  \\
&    0.050  &    0.034  &    0.034  &    0.036  \\


&    0.010  &    0.040  &    0.037  &    0.027  \\
&(   0.003 )&(   0.010 )&(   0.007 )&(   0.007 ) \\
&    0.010  &    0.036  &    0.036  &    0.042  \\
&(   0.003 )&(   0.007 )&(   0.007 )&(   0.004 ) \\
&    0.010  &    0.083  &    0.048  &    0.017  \\
&(   0.003 )&(   0.078 )&(   0.013 )&(   0.004 ) \\
&    0.016  &    0.032  &    0.044  &    0.049  \\
&(   0.003 )&(   0.008 )&(   0.009 )&(   0.006 ) \\
&    0.012  &    0.038  &    0.038  &    0.032  \\
&(   0.002 )&(   0.004 )&(   0.004 )&(   0.003 ) \\
&[   5.940 ]&[   9.618 ]&[  10.049 ]&[  12.508 ] \\
&    2.924  &    0.627  &    1.107  &   27.829  \\
&    0.403  &    0.890  &    0.775  &    0.000  \\
&    0.012  &    0.048  &    0.041  &    0.034  \\


&    0.251  &   -0.071  &   -0.043  &    0.073  \\
&(   0.072 )&(   0.160 )&(   0.104 )&(   0.098 ) \\
&    0.224  &   -0.037  &   -0.038  &   -0.091  \\
&(   0.057 )&(   0.095 )&(   0.095 )&(   0.072 ) \\
&    0.229  &   -0.468  &   -0.134  &    0.161  \\
&(   0.045 )&(   0.749 )&(   0.133 )&(   0.055 ) \\
&    0.183  &    0.097  &    0.038  &    0.012  \\
&(   0.060 )&(   0.057 )&(   0.063 )&(   0.058 ) \\
&    0.220  &    0.049  &   -0.005  &    0.056  \\
&(   0.037 )&(   0.045 )&(   0.053 )&(   0.045 ) \\
&[   5.941 ]&[   1.079 ]&[  -0.090 ]&[   1.243 ] \\
&    0.730  &    3.306  &    2.171  &   13.527  \\
&    0.866  &    0.347  &    0.538  &    0.004  \\
&    0.222  &   -0.119  &   -0.044  &    0.039  \\


&   -0.126  &    0.102  &    0.082  &    0.000  \\
&(   0.081 )&(   0.129 )&(   0.096 )&(   0.092 ) \\
&   -0.140  &    0.055  &    0.056  &    0.095  \\
&(   0.056 )&(   0.083 )&(   0.083 )&(   0.072 ) \\
&   -0.146  &    0.381  &    0.129  &   -0.094  \\
&(   0.041 )&(   0.556 )&(   0.110 )&(   0.052 ) \\
&   -0.110  &   -0.065  &   -0.034  &   -0.020  \\
&(   0.062 )&(   0.056 )&(   0.062 )&(   0.068 ) \\
&   -0.136  &   -0.015  &    0.024  &   -0.040  \\
&(   0.037 )&(   0.043 )&(   0.050 )&(   0.044 ) \\
&[  -3.654 ]&[  -0.360 ]&[   0.472 ]&[  -0.896 ] \\
&    0.395  &    3.231  &    3.083  &    7.389  \\
&    0.941  &    0.357  &    0.379  &    0.060  \\
&   -0.130  &    0.118  &    0.058  &   -0.005  \\


&    0.014  &   -0.023  &   -0.020  &   -0.007  \\
&(   0.011 )&(   0.019 )&(   0.014 )&(   0.014 ) \\
&    0.023  &   -0.010  &   -0.010  &   -0.017  \\
&(   0.009 )&(   0.014 )&(   0.014 )&(   0.012 ) \\
&    0.033  &   -0.083  &   -0.028  &    0.021  \\
&(   0.008 )&(   0.120 )&(   0.026 )&(   0.011 ) \\
&    0.027  &    0.016  &    0.007  &    0.004  \\
&(   0.014 )&(   0.013 )&(   0.014 )&(   0.016 ) \\
&    0.025  &   -0.002  &   -0.011  &    0.003  \\
&(   0.007 )&(   0.009 )&(   0.010 )&(   0.008 ) \\
&[   3.842 ]&[  -0.271 ]&[  -1.127 ]&[   0.384 ] \\
&    2.742  &    4.909  &    3.494  &    8.510  \\
&    0.433  &    0.179  &    0.322  &    0.037  \\
&    0.024  &   -0.025  &   -0.013  &    0.000  \\




Sum of the interaction terms


&    0.125  &    0.031  &    0.039  &    0.073  \\
&(   0.059 )&(   0.073 )&(   0.062 )&(   0.058 ) \\
&    0.084  &    0.018  &    0.018  &    0.004  \\
&(   0.030 )&(   0.030 )&(   0.030 )&(   0.030 ) \\
&    0.083  &   -0.087  &   -0.006  &    0.067  \\
&(   0.026 )&(   0.205 )&(   0.042 )&(   0.022 ) \\
&    0.073  &    0.032  &    0.004  &   -0.008  \\
&(   0.023 )&(   0.030 )&(   0.042 )&(   0.039 ) \\
&    0.078  &    0.022  &    0.010  &    0.042  \\
&(   0.017 )&(   0.023 )&(   0.024 )&(   0.018 ) \\
&[   4.513 ]&[   0.979 ]&[   0.424 ]&[   2.376 ] \\
&    0.834  &    0.547  &    0.476  &    5.753  \\
&    0.841  &    0.908  &    0.924  &    0.124  \\
&    0.091  &   -0.001  &    0.014  &    0.034  \\




sum of the dummies


&    0.060  &    0.014  &    0.018  &    0.035  \\
&(   0.007 )&(   0.017 )&(   0.013 )&(   0.013 ) \\
&    0.072  &    0.025  &    0.025  &    0.016  \\
&(   0.006 )&(   0.014 )&(   0.013 )&(   0.009 ) \\
&    0.078  &   -0.059  &    0.006  &    0.065  \\
&(   0.006 )&(   0.143 )&(   0.028 )&(   0.009 ) \\
&    0.085  &    0.057  &    0.037  &    0.029  \\
&(   0.008 )&(   0.019 )&(   0.019 )&(   0.018 ) \\
&    0.073  &    0.027  &    0.021  &    0.038  \\
&(   0.005 )&(   0.008 )&(   0.008 )&(   0.006 ) \\
&[  15.746 ]&[   3.543 ]&[   2.600 ]&[   6.313 ] \\
&    7.683  &    5.666  &    1.257  &   15.805  \\
&    0.053  &    0.129  &    0.739  &    0.001  \\
&    0.074  &    0.009  &    0.022  &    0.036  \\


&    0.271  &    0.414  &    0.401  &    0.436  \\
&(   0.035 )&(   0.115 )&(   0.118 )&(   0.105 ) \\
&    0.251  &    0.386  &    0.382  &    0.467  \\
&(   0.045 )&(   0.097 )&(   0.089 )&(   0.069 ) \\
&    0.269  &    0.576  &    0.450  &    0.349  \\
&(   0.047 )&(   0.279 )&(   0.074 )&(   0.060 ) \\
&    0.234  &    0.312  &    0.341  &    0.386  \\
&(   0.043 )&(   0.061 )&(   0.072 )&(   0.057 ) \\
&    0.258  &    0.350  &    0.385  &    0.398  \\
&(   0.028 )&(   0.049 )&(   0.049 )&(   0.040 ) \\
&[   9.247 ]&[   7.126 ]&[   7.797 ]&[   9.884 ] \\
&    0.869  &    1.562  &    1.534  &    2.540  \\
&    0.833  &    0.668  &    0.675  &    0.468  \\
&    0.256  &    0.422  &    0.394  &    0.409  \\


 &    0.448  &    0.438  &    0.496  \\
 &(   0.058 )&(   0.060 )&(   0.060 ) \\
 &    0.446  &    0.445  &    0.474  \\
 &(   0.058 )&(   0.053 )&(   0.052 ) \\
 &    0.372  &    0.469  &    0.720  \\
 &(   0.065 )&(   0.043 )&(   0.084 ) \\
 &    0.580  &    0.523  &    0.513  \\
 &(   0.055 )&(   0.067 )&(   0.066 ) \\
 &    0.501  &    0.470  &    0.505  \\
 &(   0.043 )&(   0.040 )&(   0.043 ) \\
 &[  11.612 ]&[  11.755 ]&[  11.704 ] \\
 &    7.622  &    1.151  &    9.166  \\
 &    0.054  &    0.765  &    0.027  \\
 &    0.461  &    0.469  &    0.551  \\


 &    0.742  &    3.077  \\
 &    0.015  &    2.480  \\
 &    0.554  &    5.884  \\
 &    2.121  &    3.222  \\


 &    0.690  &    0.688  \\
 &    0.993  &    0.780  \\
 &    0.758  &    0.318  \\
 &    0.346  &    0.666  \\


&    0.048  &    0.037  &    0.035  &    0.039  &    0.073  &    0.027  &    0.021  &    0.038  \\
&(   0.005 )&(   0.006 )&(   0.006 )&(   0.005 )&(   0.005 )&(   0.008 )&(   0.008 )&(   0.006 ) \\


&    0.220  &    0.049  &   -0.005  &    0.056  &    0.078  &    0.022  &    0.010  &    0.042  \\
&(   0.037 )&(   0.045 )&(   0.053 )&(   0.045 )&(   0.017 )&(   0.023 )&(   0.024 )&(   0.018 ) \\


&    0.012  &    0.038  &    0.038  &    0.032  \\
&(   0.002 )&(   0.004 )&(   0.004 )&(   0.003 ) \\


 &    0.350  &    0.385  &    0.398  &    0.501  &    0.470  &    0.505  \\
)&(   0.049 )&(   0.049 )&(   0.040 )&(   0.043 )&(   0.040 )&(   0.043 ) \\


-------------------------------------------------------------------------------
-------------------------------------------------------------------------------
-------------------------------------------------------------------------------
-------------------------------------------------------------------------------
-------------------------------------------------------------------------------
With Straight-Up
Size Dummy


&    0.057  &    0.027  &    0.037  &    0.036  \\
&(   0.007 )&(   0.013 )&(   0.008 )&(   0.008 ) \\
&    0.065  &    0.036  &    0.032  &    0.034  \\
&(   0.006 )&(   0.008 )&(   0.008 )&(   0.008 ) \\
&    0.067  &    0.035  &    0.056  &    0.058  \\
&(   0.006 )&(   0.023 )&(   0.004 )&(   0.003 ) \\
&    0.071  &    0.061  &    0.058  &    0.056  \\
&(   0.008 )&(   0.007 )&(   0.009 )&(   0.009 ) \\
&    0.065  &    0.046  &    0.051  &    0.054  \\
&(   0.004 )&(   0.005 )&(   0.003 )&(   0.003 ) \\
&[  15.008 ]&[   9.285 ]&[  15.120 ]&[  19.179 ] \\
&    2.658  &   11.400  &   13.732  &   14.222  \\
&    0.447  &    0.010  &    0.003  &    0.003  \\
&    0.065  &    0.040  &    0.046  &    0.046  \\


&    0.012  &    0.041  &    0.031  &    0.032  \\
&(   0.003 )&(   0.012 )&(   0.006 )&(   0.005 ) \\
&    0.012  &    0.034  &    0.037  &    0.035  \\
&(   0.003 )&(   0.005 )&(   0.005 )&(   0.004 ) \\
&    0.011  &    0.047  &    0.024  &    0.022  \\
&(   0.004 )&(   0.019 )&(   0.003 )&(   0.002 ) \\
&    0.014  &    0.035  &    0.040  &    0.045  \\
&(   0.004 )&(   0.008 )&(   0.012 )&(   0.007 ) \\
&    0.012  &    0.037  &    0.029  &    0.027  \\
&(   0.002 )&(   0.004 )&(   0.002 )&(   0.002 ) \\
&[   5.635 ]&[  10.460 ]&[  12.107 ]&[  13.708 ] \\
&    0.410  &    0.641  &    6.377  &   16.156  \\
&    0.938  &    0.887  &    0.095  &    0.001  \\
&    0.012  &    0.039  &    0.033  &    0.034  \\


&    0.162  &   -0.032  &    0.032  &    0.028  \\
&(   0.046 )&(   0.115 )&(   0.069 )&(   0.060 ) \\
&    0.106  &   -0.004  &   -0.021  &   -0.011  \\
&(   0.044 )&(   0.050 )&(   0.048 )&(   0.042 ) \\
&    0.131  &   -0.108  &    0.050  &    0.058  \\
&(   0.042 )&(   0.125 )&(   0.036 )&(   0.034 ) \\
&    0.161  &    0.011  &   -0.020  &   -0.059  \\
&(   0.047 )&(   0.068 )&(   0.089 )&(   0.064 ) \\
&    0.138  &   -0.018  &    0.027  &    0.034  \\
&(   0.027 )&(   0.038 )&(   0.032 )&(   0.030 ) \\
&[   5.062 ]&[  -0.478 ]&[   0.858 ]&[   1.147 ] \\
&    1.565  &    0.617  &    2.342  &    5.584  \\
&    0.667  &    0.893  &    0.505  &    0.134  \\
&    0.140  &   -0.033  &    0.010  &    0.004  \\


&   -0.032  &    0.083  &    0.045  &    0.048  \\
&(   0.097 )&(   0.110 )&(   0.091 )&(   0.090 ) \\
&   -0.009  &    0.057  &    0.067  &    0.062  \\
&(   0.051 )&(   0.051 )&(   0.051 )&(   0.048 ) \\
&   -0.059  &    0.158  &    0.015  &    0.008  \\
&(   0.047 )&(   0.114 )&(   0.046 )&(   0.043 ) \\
&   -0.097  &    0.031  &    0.058  &    0.092  \\
&(   0.058 )&(   0.078 )&(   0.095 )&(   0.082 ) \\
&   -0.049  &    0.071  &    0.040  &    0.035  \\
&(   0.034 )&(   0.038 )&(   0.037 )&(   0.035 ) \\
&[  -1.458 ]&[   1.844 ]&[   1.087 ]&[   0.999 ] \\
&    1.590  &    0.665  &    0.775  &    1.882  \\
&    0.662  &    0.881  &    0.856  &    0.597  \\
&   -0.049  &    0.082  &    0.046  &    0.052  \\


&   -0.002  &   -0.021  &   -0.015  &   -0.015  \\
&(   0.016 )&(   0.017 )&(   0.014 )&(   0.014 ) \\
&   -0.001  &   -0.012  &   -0.014  &   -0.013  \\
&(   0.011 )&(   0.011 )&(   0.011 )&(   0.011 ) \\
&    0.001  &   -0.046  &   -0.015  &   -0.013  \\
&(   0.012 )&(   0.023 )&(   0.012 )&(   0.011 ) \\
&    0.007  &   -0.026  &   -0.033  &   -0.042  \\
&(   0.014 )&(   0.021 )&(   0.024 )&(   0.020 ) \\
&    0.001  &   -0.022  &   -0.015  &   -0.015  \\
&(   0.007 )&(   0.009 )&(   0.009 )&(   0.008 ) \\
&[   0.134 ]&[  -2.550 ]&[  -1.711 ]&[  -1.811 ] \\
&    0.290  &    2.233  &    0.753  &    2.664  \\
&    0.962  &    0.525  &    0.861  &    0.446  \\
&    0.001  &   -0.026  &   -0.019  &   -0.021  \\




Sum of the interaction terms


&    0.130  &    0.052  &    0.077  &    0.076  \\
&(   0.095 )&(   0.100 )&(   0.090 )&(   0.088 ) \\
&    0.097  &    0.053  &    0.047  &    0.050  \\
&(   0.036 )&(   0.030 )&(   0.031 )&(   0.030 ) \\
&    0.073  &    0.050  &    0.065  &    0.066  \\
&(   0.032 )&(   0.037 )&(   0.028 )&(   0.028 ) \\
&    0.064  &    0.042  &    0.038  &    0.032  \\
&(   0.027 )&(   0.036 )&(   0.040 )&(   0.044 ) \\
&    0.072  &    0.050  &    0.053  &    0.055  \\
&(   0.020 )&(   0.021 )&(   0.019 )&(   0.020 ) \\
&[   3.543 ]&[   2.408 ]&[   2.744 ]&[   2.779 ] \\
&    1.125  &    0.065  &    0.622  &    0.635  \\
&    0.771  &    0.996  &    0.891  &    0.888  \\
&    0.091  &    0.049  &    0.057  &    0.056  \\




sum of the dummies


&    0.054  &    0.006  &    0.022  &    0.021  \\
&(   0.014 )&(   0.023 )&(   0.015 )&(   0.014 ) \\
&    0.064  &    0.024  &    0.018  &    0.021  \\
&(   0.008 )&(   0.014 )&(   0.012 )&(   0.012 ) \\
&    0.068  &   -0.011  &    0.041  &    0.044  \\
&(   0.009 )&(   0.039 )&(   0.012 )&(   0.010 ) \\
&    0.078  &    0.034  &    0.025  &    0.014  \\
&(   0.011 )&(   0.023 )&(   0.028 )&(   0.021 ) \\
&    0.067  &    0.016  &    0.027  &    0.031  \\
&(   0.006 )&(   0.009 )&(   0.008 )&(   0.007 ) \\
&[  10.532 ]&[   1.801 ]&[   3.253 ]&[   4.224 ] \\
&    2.575  &    1.142  &    2.522  &    4.854  \\
&    0.462  &    0.767  &    0.471  &    0.183  \\
&    0.066  &    0.013  &    0.027  &    0.025  \\


&    0.261  &    0.430  &    0.421  &    0.440  \\
&(   0.039 )&(   0.104 )&(   0.111 )&(   0.080 ) \\
&    0.233  &    0.377  &    0.427  &    0.423  \\
&(   0.043 )&(   0.111 )&(   0.076 )&(   0.068 ) \\
&    0.256  &    0.419  &    0.342  &    0.346  \\
&(   0.045 )&(   0.086 )&(   0.072 )&(   0.060 ) \\
&    0.236  &    0.312  &    0.292  &    0.338  \\
&(   0.041 )&(   0.062 )&(   0.069 )&(   0.052 ) \\
&    0.247  &    0.357  &    0.358  &    0.374  \\
&(   0.029 )&(   0.049 )&(   0.045 )&(   0.039 ) \\
&[   8.518 ]&[   7.317 ]&[   7.878 ]&[   9.481 ] \\
&    0.536  &    1.656  &    2.154  &    1.965  \\
&    0.911  &    0.647  &    0.541  &    0.580  \\
&    0.246  &    0.384  &    0.371  &    0.387  \\


 &    0.431  &    0.472  &    0.487  \\
 &(   0.060 )&(   0.067 )&(   0.065 ) \\
 &    0.462  &    0.495  &    0.516  \\
 &(   0.065 )&(   0.064 )&(   0.071 ) \\
 &    0.474  &    0.635  &    0.661  \\
 &(   0.081 )&(   0.067 )&(   0.058 ) \\
 &    0.585  &    0.580  &    0.587  \\
 &(   0.060 )&(   0.066 )&(   0.067 ) \\
 &    0.506  &    0.555  &    0.581  \\
 &(   0.049 )&(   0.044 )&(   0.043 ) \\
 &[  10.242 ]&[  12.559 ]&[  13.381 ] \\
 &    5.873  &    4.494  &    6.244  \\
 &    0.118  &    0.213  &    0.100  \\
 &    0.488  &    0.546  &    0.563  \\


 &    1.404  &    2.914  \\
 &    2.623  &    5.239  \\
 &    4.542  &    4.995  \\
 &    2.879  &    3.933  \\


 &    0.496  &    0.713  \\
 &    0.269  &    0.387  \\
 &    0.103  &    0.417  \\
 &    0.237  &    0.559  \\


&    0.065  &    0.046  &    0.051  &    0.054  &    0.067  &    0.016  &    0.027  &    0.031  \\
&(   0.004 )&(   0.005 )&(   0.003 )&(   0.003 )&(   0.006 )&(   0.009 )&(   0.008 )&(   0.007 ) \\


&    0.138  &   -0.018  &    0.027  &    0.034  &    0.072  &    0.050  &    0.053  &    0.055  \\
&(   0.027 )&(   0.038 )&(   0.032 )&(   0.030 )&(   0.020 )&(   0.021 )&(   0.019 )&(   0.020 ) \\


&    0.012  &    0.037  &    0.029  &    0.027  \\
&(   0.002 )&(   0.004 )&(   0.002 )&(   0.002 ) \\


 &    0.357  &    0.358  &    0.374  &    0.506  &    0.555  &    0.581  \\
)&(   0.049 )&(   0.045 )&(   0.039 )&(   0.049 )&(   0.044 )&(   0.043 ) \\


-------------------------------------------------------------------------------
-------------------------------------------------------------------------------
-------------------------------------------------------------------------------
-------------------------------------------------------------------------------
-------------------------------------------------------------------------------
With Straight-Up
Both Dummy


&    0.057  &    0.027  &    0.037  &    0.036  \\
&(   0.007 )&(   0.013 )&(   0.008 )&(   0.007 ) \\
&    0.065  &    0.035  &    0.031  &    0.034  \\
&(   0.006 )&(   0.008 )&(   0.008 )&(   0.008 ) \\
&    0.067  &    0.034  &    0.056  &    0.057  \\
&(   0.006 )&(   0.023 )&(   0.004 )&(   0.003 ) \\
&    0.071  &    0.060  &    0.057  &    0.054  \\
&(   0.008 )&(   0.007 )&(   0.009 )&(   0.009 ) \\
&    0.064  &    0.045  &    0.051  &    0.054  \\
&(   0.004 )&(   0.005 )&(   0.003 )&(   0.003 ) \\
&[  15.027 ]&[   9.108 ]&[  14.911 ]&[  19.275 ] \\
&    2.503  &   10.886  &   13.221  &   13.990  \\
&    0.475  &    0.012  &    0.004  &    0.003  \\
&    0.065  &    0.039  &    0.045  &    0.045  \\


&    0.012  &    0.041  &    0.031  &    0.031  \\
&(   0.003 )&(   0.012 )&(   0.006 )&(   0.005 ) \\
&    0.012  &    0.034  &    0.037  &    0.035  \\
&(   0.003 )&(   0.005 )&(   0.004 )&(   0.004 ) \\
&    0.011  &    0.048  &    0.024  &    0.022  \\
&(   0.004 )&(   0.019 )&(   0.003 )&(   0.002 ) \\
&    0.014  &    0.035  &    0.040  &    0.046  \\
&(   0.004 )&(   0.008 )&(   0.012 )&(   0.008 ) \\
&    0.012  &    0.037  &    0.029  &    0.027  \\
&(   0.002 )&(   0.004 )&(   0.002 )&(   0.002 ) \\
&[   5.626 ]&[  10.470 ]&[  12.221 ]&[  13.633 ] \\
&    0.396  &    0.652  &    6.521  &   15.723  \\
&    0.941  &    0.884  &    0.089  &    0.001  \\
&    0.012  &    0.039  &    0.033  &    0.034  \\


&    0.163  &   -0.029  &    0.036  &    0.032  \\
&(   0.046 )&(   0.114 )&(   0.068 )&(   0.060 ) \\
&    0.106  &   -0.005  &   -0.022  &   -0.012  \\
&(   0.044 )&(   0.050 )&(   0.048 )&(   0.042 ) \\
&    0.131  &   -0.109  &    0.050  &    0.058  \\
&(   0.042 )&(   0.126 )&(   0.036 )&(   0.034 ) \\
&    0.162  &    0.011  &   -0.022  &   -0.059  \\
&(   0.047 )&(   0.068 )&(   0.087 )&(   0.064 ) \\
&    0.138  &   -0.018  &    0.027  &    0.034  \\
&(   0.027 )&(   0.038 )&(   0.032 )&(   0.030 ) \\
&[   5.112 ]&[  -0.481 ]&[   0.841 ]&[   1.153 ] \\
&    1.706  &    0.606  &    2.528  &    5.638  \\
&    0.636  &    0.895  &    0.470  &    0.131  \\
&    0.141  &   -0.033  &    0.010  &    0.005  \\


&   -0.036  &    0.080  &    0.041  &    0.043  \\
&(   0.098 )&(   0.110 )&(   0.091 )&(   0.091 ) \\
&   -0.007  &    0.060  &    0.070  &    0.064  \\
&(   0.051 )&(   0.052 )&(   0.052 )&(   0.048 ) \\
&   -0.059  &    0.158  &    0.015  &    0.007  \\
&(   0.047 )&(   0.115 )&(   0.047 )&(   0.043 ) \\
&   -0.099  &    0.031  &    0.059  &    0.091  \\
&(   0.057 )&(   0.078 )&(   0.094 )&(   0.082 ) \\
&   -0.049  &    0.071  &    0.041  &    0.035  \\
&(   0.034 )&(   0.038 )&(   0.037 )&(   0.035 ) \\
&[  -1.461 ]&[   1.860 ]&[   1.112 ]&[   1.012 ] \\
&    1.667  &    0.648  &    0.834  &    1.876  \\
&    0.644  &    0.885  &    0.841  &    0.599  \\
&   -0.050  &    0.082  &    0.046  &    0.051  \\


&   -0.003  &   -0.021  &   -0.015  &   -0.015  \\
&(   0.016 )&(   0.017 )&(   0.014 )&(   0.013 ) \\
&    0.000  &   -0.011  &   -0.012  &   -0.011  \\
&(   0.011 )&(   0.011 )&(   0.011 )&(   0.011 ) \\
&    0.001  &   -0.045  &   -0.015  &   -0.013  \\
&(   0.012 )&(   0.023 )&(   0.012 )&(   0.011 ) \\
&    0.008  &   -0.025  &   -0.032  &   -0.040  \\
&(   0.014 )&(   0.021 )&(   0.023 )&(   0.020 ) \\
&    0.001  &   -0.021  &   -0.014  &   -0.014  \\
&(   0.007 )&(   0.009 )&(   0.009 )&(   0.008 ) \\
&[   0.198 ]&[  -2.416 ]&[  -1.634 ]&[  -1.710 ] \\
&    0.359  &    2.376  &    0.830  &    2.579  \\
&    0.949  &    0.498  &    0.842  &    0.461  \\
&    0.001  &   -0.026  &   -0.019  &   -0.020  \\




Sum of the interaction terms


&    0.127  &    0.051  &    0.077  &    0.075  \\
&(   0.095 )&(   0.101 )&(   0.091 )&(   0.089 ) \\
&    0.098  &    0.055  &    0.048  &    0.052  \\
&(   0.036 )&(   0.030 )&(   0.031 )&(   0.030 ) \\
&    0.073  &    0.049  &    0.065  &    0.065  \\
&(   0.032 )&(   0.038 )&(   0.028 )&(   0.028 ) \\
&    0.063  &    0.042  &    0.037  &    0.032  \\
&(   0.027 )&(   0.036 )&(   0.040 )&(   0.044 ) \\
&    0.072  &    0.050  &    0.054  &    0.056  \\
&(   0.020 )&(   0.021 )&(   0.020 )&(   0.020 ) \\
&[   3.546 ]&[   2.427 ]&[   2.755 ]&[   2.804 ] \\
&    1.139  &    0.081  &    0.602  &    0.613  \\
&    0.768  &    0.994  &    0.896  &    0.893  \\
&    0.090  &    0.049  &    0.057  &    0.056  \\




sum of the dummies


&    0.054  &    0.006  &    0.022  &    0.021  \\
&(   0.014 )&(   0.022 )&(   0.015 )&(   0.014 ) \\
&    0.065  &    0.025  &    0.018  &    0.022  \\
&(   0.008 )&(   0.014 )&(   0.011 )&(   0.012 ) \\
&    0.068  &   -0.011  &    0.041  &    0.044  \\
&(   0.009 )&(   0.039 )&(   0.013 )&(   0.010 ) \\
&    0.079  &    0.035  &    0.025  &    0.014  \\
&(   0.011 )&(   0.024 )&(   0.028 )&(   0.021 ) \\
&    0.067  &    0.017  &    0.027  &    0.031  \\
&(   0.006 )&(   0.009 )&(   0.008 )&(   0.007 ) \\
&[  10.582 ]&[   1.877 ]&[   3.283 ]&[   4.262 ] \\
&    2.801  &    1.208  &    2.360  &    4.576  \\
&    0.423  &    0.751  &    0.501  &    0.206  \\
&    0.067  &    0.014  &    0.027  &    0.025  \\


&    0.261  &    0.429  &    0.420  &    0.438  \\
&(   0.039 )&(   0.103 )&(   0.110 )&(   0.081 ) \\
&    0.233  &    0.377  &    0.428  &    0.421  \\
&(   0.043 )&(   0.111 )&(   0.076 )&(   0.068 ) \\
&    0.256  &    0.421  &    0.343  &    0.347  \\
&(   0.045 )&(   0.086 )&(   0.072 )&(   0.060 ) \\
&    0.236  &    0.313  &    0.294  &    0.340  \\
&(   0.041 )&(   0.062 )&(   0.069 )&(   0.053 ) \\
&    0.247  &    0.357  &    0.360  &    0.374  \\
&(   0.029 )&(   0.049 )&(   0.045 )&(   0.040 ) \\
&[   8.565 ]&[   7.341 ]&[   7.937 ]&[   9.455 ] \\
&    0.559  &    1.656  &    2.096  &    1.808  \\
&    0.906  &    0.647  &    0.553  &    0.613  \\
&    0.247  &    0.385  &    0.372  &    0.386  \\


 &    0.431  &    0.474  &    0.489  \\
 &(   0.060 )&(   0.066 )&(   0.065 ) \\
 &    0.462  &    0.496  &    0.517  \\
 &(   0.065 )&(   0.064 )&(   0.071 ) \\
 &    0.472  &    0.633  &    0.660  \\
 &(   0.081 )&(   0.067 )&(   0.058 ) \\
 &    0.582  &    0.576  &    0.584  \\
 &(   0.060 )&(   0.066 )&(   0.067 ) \\
 &    0.504  &    0.553  &    0.580  \\
 &(   0.049 )&(   0.044 )&(   0.043 ) \\
 &[  10.225 ]&[  12.546 ]&[  13.381 ] \\
 &    5.619  &    4.279  &    6.091  \\
 &    0.132  &    0.233  &    0.107  \\
 &    0.487  &    0.545  &    0.562  \\


 &    1.377  &    2.904  \\
 &    2.705  &    5.304  \\
 &    4.552  &    5.001  \\
 &    2.850  &    3.896  \\


 &    0.502  &    0.715  \\
 &    0.259  &    0.380  \\
 &    0.103  &    0.416  \\
 &    0.241  &    0.565  \\


&    0.064  &    0.045  &    0.051  &    0.054  &    0.067  &    0.017  &    0.027  &    0.031  \\
&(   0.004 )&(   0.005 )&(   0.003 )&(   0.003 )&(   0.006 )&(   0.009 )&(   0.008 )&(   0.007 ) \\


&    0.138  &   -0.018  &    0.027  &    0.034  &    0.072  &    0.050  &    0.054  &    0.056  \\
&(   0.027 )&(   0.038 )&(   0.032 )&(   0.030 )&(   0.020 )&(   0.021 )&(   0.020 )&(   0.020 ) \\


&    0.012  &    0.037  &    0.029  &    0.027  \\
&(   0.002 )&(   0.004 )&(   0.002 )&(   0.002 ) \\


 &    0.357  &    0.360  &    0.374  &    0.504  &    0.553  &    0.580  \\
)&(   0.049 )&(   0.045 )&(   0.040 )&(   0.049 )&(   0.044 )&(   0.043 ) \\


-------------------------------------------------------------------------------
-------------------------------------------------------------------------------
-------------------------------------------------------------------------------
-------------------------------------------------------------------------------
-------------------------------------------------------------------------------
Start time:  13:12:49
End time:    13:12:50
Start date:  10/26/10
End date:    10/26/10
