1992.000 -------------------Constrained----------------muy       0.159 
1992.000 -------------------Constrained----------------mux       3.217 
1992.000 -------------------Constrained----------------ratio     0.049 
1992.000 -------------------Constrained----------------varz      0.067 
1992.000 -------------------Unconstrained--------------muy       0.366 
1992.000 -------------------Unconstrained--------------mux      10.990 
1992.000 -------------------Unconstrained--------------ratio     0.033 
1992.000 -------------------Unconstrained--------------varz      0.035 
1993.000 -------------------Constrained----------------muy       0.109 
1993.000 -------------------Constrained----------------mux       2.521 
1993.000 -------------------Constrained----------------ratio     0.043 
1993.000 -------------------Constrained----------------varz      0.082 
1993.000 -------------------Unconstrained--------------muy       0.322 
1993.000 -------------------Unconstrained--------------mux       9.938 
1993.000 -------------------Unconstrained--------------ratio     0.032 
1993.000 -------------------Unconstrained--------------varz      0.031 
1994.000 -------------------Constrained----------------muy       0.107 
1994.000 -------------------Constrained----------------mux       2.349 
1994.000 -------------------Constrained----------------ratio     0.046 
1994.000 -------------------Constrained----------------varz      0.110 
1994.000 -------------------Unconstrained--------------muy       0.327 
1994.000 -------------------Unconstrained--------------mux       9.604 
1994.000 -------------------Unconstrained--------------ratio     0.034 
1994.000 -------------------Unconstrained--------------varz      0.035 
1995.000 -------------------Constrained----------------muy       0.111 
1995.000 -------------------Constrained----------------mux       2.457 
1995.000 -------------------Constrained----------------ratio     0.045 
1995.000 -------------------Constrained----------------varz      0.135 
1995.000 -------------------Unconstrained--------------muy       0.263 
1995.000 -------------------Unconstrained--------------mux       5.155 
1995.000 -------------------Unconstrained--------------ratio     0.051 
1995.000 -------------------Unconstrained--------------varz      0.050 
Start time:  10:35:52
End time:    10:35:52
Start date:  10/26/10
End date:    10/26/10
